[15:41:17.394] [MelonLoader.Bootstrap] Using HostFXR Path: D:\Steam\steamapps\common\IRON NEST Heavy Turret Simulator Demo\dotnet\host\fxr\6.0.36\hostfxr.dll
[15:41:17.397] [MelonLoader.Bootstrap] Using .NET runtime: 'D:\Steam\steamapps\common\IRON NEST Heavy Turret Simulator Demo\dotnet'

[15:41:18.767] ------------------------------
[15:41:18.768] MelonLoader v0.7.3 Open-Beta
[15:41:18.769] OS: Windows 11
[15:41:18.769] Hash Code: BDD43DC0F3893C208C95389B863AB61C967AE14204DA0DD8051647E754C8709B
[15:41:18.769] ------------------------------
[15:41:18.770] Game Type: Il2cpp
[15:41:18.770] Game Arch: x64
[15:41:18.770] ------------------------------
[15:41:18.770] Command-Line: 
[15:41:18.770] ------------------------------
[15:41:18.771] Core::BasePath = D:\Steam\steamapps\common\IRON NEST Heavy Turret Simulator Demo
[15:41:18.771] Game::BasePath = D:\Steam\steamapps\common\IRON NEST Heavy Turret Simulator Demo
[15:41:18.771] Game::DataPath = D:\Steam\steamapps\common\IRON NEST Heavy Turret Simulator Demo\Iron Nest Heavy Turret Simulator_Data
[15:41:18.771] Game::ApplicationPath = D:\Steam\steamapps\common\IRON NEST Heavy Turret Simulator Demo\Iron Nest Heavy Turret Simulator.exe
[15:41:18.771] Runtime Type: net6
[15:41:18.876] ------------------------------
[15:41:18.876] Game Name: Iron Nest: Heavy Turret Simulator
[15:41:18.877] Game Developer: Iron Nest
[15:41:18.879] Unity Version: 6000.3.9f1
[15:41:18.879] Game Version: 0.4.0
[15:41:18.879] ------------------------------

[15:41:19.814] Preferences Loaded!

[15:41:19.850] Loading UserLibs...
[15:41:19.867] ------------------------------
[15:41:19.869] Melon Assembly loaded: '.\UserLibs\IronNestFCS.Abstractions.dll'
[15:41:19.870] SHA256 Hash: '8EBE19B12C0FE0FFE584860786F42E54AC95D7BB5E5D1F14032C3C3D393DFEA1'
[15:41:19.870] ------------------------------
[15:41:19.870] 0 UserLibs loaded.

[15:41:19.870] Loading Plugins...
[15:41:19.874] 0 Plugins loaded.

[15:41:20.968] Loading Il2CppAssemblyGenerator...
[15:41:21.023] [Il2CppAssemblyGenerator] Contacting RemoteAPI...
[15:41:22.525] [ERROR] [Il2CppAssemblyGenerator] WebException (BadGateway) while Contacting RemoteAPI Host (https://api.melonloader.com/api/v1/game/iron-nest-heavy-turret-simulator): System.Net.Http.HttpRequestException: Response status code does not indicate success: 502 (Bad Gateway).
   at System.Net.Http.HttpResponseMessage.EnsureSuccessStatusCode()
   at MelonLoader.Il2CppAssemblyGenerator.RemoteAPI.ContactHosts() in D:\a\MelonLoader\MelonLoader\Dependencies\Il2CppAssemblyGenerator\RemoteAPI.cs:line 61
[15:41:23.268] [ERROR] [Il2CppAssemblyGenerator] WebException (BadGateway) while Contacting RemoteAPI Host (https://api-1.melonloader.com/api/v1/game/iron-nest-heavy-turret-simulator): System.Net.Http.HttpRequestException: Response status code does not indicate success: 502 (Bad Gateway).
   at System.Net.Http.HttpResponseMessage.EnsureSuccessStatusCode()
   at MelonLoader.Il2CppAssemblyGenerator.RemoteAPI.ContactHosts() in D:\a\MelonLoader\MelonLoader\Dependencies\Il2CppAssemblyGenerator\RemoteAPI.cs:line 61
[15:41:24.478] [ERROR] [Il2CppAssemblyGenerator] WebException (BadGateway) while Contacting RemoteAPI Host (https://api-2.melonloader.com/api/v1/game/iron-nest-heavy-turret-simulator): System.Net.Http.HttpRequestException: Response status code does not indicate success: 502 (Bad Gateway).
   at System.Net.Http.HttpResponseMessage.EnsureSuccessStatusCode()
   at MelonLoader.Il2CppAssemblyGenerator.RemoteAPI.ContactHosts() in D:\a\MelonLoader\MelonLoader\Dependencies\Il2CppAssemblyGenerator\RemoteAPI.cs:line 61
[15:41:25.339] [ERROR] [Il2CppAssemblyGenerator] WebException (BadGateway) while Contacting RemoteAPI Host (https://melon.samboy.dev/api/v1/game/iron-nest-heavy-turret-simulator): System.Net.Http.HttpRequestException: Response status code does not indicate success: 502 (Bad Gateway).
   at System.Net.Http.HttpResponseMessage.EnsureSuccessStatusCode()
   at MelonLoader.Il2CppAssemblyGenerator.RemoteAPI.ContactHosts() in D:\a\MelonLoader\MelonLoader\Dependencies\Il2CppAssemblyGenerator\RemoteAPI.cs:line 61
[15:41:26.597] [ERROR] [Il2CppAssemblyGenerator] WebException (526) while Contacting RemoteAPI Host (https://melon.dubyadu.de/api/v1/game/iron-nest-heavy-turret-simulator): System.Net.Http.HttpRequestException: Response status code does not indicate success: 526 (<none>).
   at System.Net.Http.HttpResponseMessage.EnsureSuccessStatusCode()
   at MelonLoader.Il2CppAssemblyGenerator.RemoteAPI.ContactHosts() in D:\a\MelonLoader\MelonLoader\Dependencies\Il2CppAssemblyGenerator\RemoteAPI.cs:line 61
[15:41:26.597] [Il2CppAssemblyGenerator] RemoteAPI.DumperVersion = null
[15:41:26.598] [Il2CppAssemblyGenerator] RemoteAPI.ObfuscationRegex = null
[15:41:26.598] [Il2CppAssemblyGenerator] RemoteAPI.MappingURL = null
[15:41:26.598] [Il2CppAssemblyGenerator] RemoteAPI.MappingFileSHA512 = null
[15:41:26.601] [Il2CppAssemblyGenerator] Using Cpp2IL Version: 2022.1.0-pre-release.21
[15:41:26.601] [Il2CppAssemblyGenerator] Using Il2CppInterop Version = 1.5.1-ci.845+f03c8f4ae507d47ea814f3d11d1ec6b0391c1576
[15:41:26.601] [Il2CppAssemblyGenerator] Using Unity Dependencies Version = 6000.3.9
[15:41:26.601] [Il2CppAssemblyGenerator] Using Deobfuscation Regex = null
[15:41:26.602] [Il2CppAssemblyGenerator] Cpp2IL is up to date.
[15:41:26.602] [Il2CppAssemblyGenerator] Cpp2IL.Plugin.StrippedCodeRegSupport is up to date.
[15:41:26.602] [Il2CppAssemblyGenerator] UnityDependencies is up to date.
[15:41:26.602] [Il2CppAssemblyGenerator] Checking GameAssembly...
[15:41:27.164] [Il2CppAssemblyGenerator] Assembly is up to date. No Generation Needed.

[15:41:27.165] Loading Mods...
[15:41:27.337] ------------------------------
[15:41:27.340] Melon Assembly loaded: '.\Mods\IronNestFCS.dll'
[15:41:27.340] SHA256 Hash: 'CE58AEFD063028F5B32F9004E02A250DB0A324B57009693703310B4D68F48B86'
[15:41:27.341] Melon Assembly loaded: '.\Mods\MapEnemyMarker.dll'
[15:41:27.341] SHA256 Hash: '78879B6E8F14ACEE5128C6AF597AD807A43875B384C4BF27356CA6AC5B9B48D9'

[15:41:27.514] ------------------------------
[15:41:27.515] IronNestFCS v1.0.4
[15:41:27.515] by svr2kos2
[15:41:27.516] Assembly: IronNestFCS.dll
[15:41:27.516] ------------------------------
[15:41:27.520] ------------------------------
[15:41:27.520] MapEnemyMarker v1.0.0
[15:41:27.521] by Iron Nest
[15:41:27.521] Assembly: MapEnemyMarker.dll
[15:41:27.521] ------------------------------
[15:41:27.522] ------------------------------
[15:41:27.522] 2 Mods loaded.

[15:41:30.905] [WARNING] [Il2CppInterop] Class::Init signatures have been exhausted, using a substitute!
[15:41:30.957] [Il2CppInterop] Registered mono type MelonLoader.Support.MonoEnumeratorWrapper in il2cpp domain
[15:41:31.039] Support Module Loaded: D:\Steam\steamapps\common\IRON NEST Heavy Turret Simulator Demo\MelonLoader\Dependencies\SupportModules\Il2Cpp.dll
[15:41:31.049] [IronNestFCS] IronNestFCS Host Started。Logic path: D:\Steam\steamapps\common\IRON NEST Heavy Turret Simulator Demo\UserData\IronNestFCS\IronNestFCS.Logic.dll
[15:41:31.050] [IronNestFCS] Press F9 to hot reload Logic.
[15:41:31.693] [WARNING] [IronNestFCS] [FCS] 未找到 Player Turret Piece，当前场景尚未就绪
[15:41:31.694] [IronNestFCS] [FCS] Initialize: failed
[15:41:31.694] [WARNING] [IronNestFCS] [Reload] Logic.Initialize() returns false。
[15:41:31.696] MapEnemyMarker loaded!
[15:41:31.696] [MapEnemyMarker] Web root: D:\Steam\steamapps\common\IRON NEST Heavy Turret Simulator Demo\火控计算机网页版
[15:41:31.698] [MapEnemyMarker] HTTP server started on port 45678
[15:41:31.734] [MapEnemyMarker] Successfully patched Time.frameCount
[15:42:09.537] [Il2CppInterop] Registered mono type MelonLoader.Support.SM_Component in il2cpp domain
[15:42:09.635] Registered mono icall UnityEngine.Transform::SetAsLastSibling in il2cpp domain
[15:42:09.770] [MapEnemyMarker] [MapEnemyMarker] Found Assembly-CSharp with 1116 types
[15:42:09.771] [MapEnemyMarker] [MapEnemyMarker] Could not find FireMission type, trying broad search...
[15:42:09.771] [MapEnemyMarker]   Candidate: Il2Cpp.FireMissionCard
[15:42:09.772] [MapEnemyMarker]   Candidate: Il2Cpp.FireMissionCardPrinter
[15:42:09.772] [MapEnemyMarker]   Candidate: Il2Cpp.FireMission
[15:42:09.773] [MapEnemyMarker]   Found: Il2Cpp.FireMission (Instance=Instance, Entities=Entities)
[15:42:09.773] [MapEnemyMarker] [MapEnemyMarker] Reflection init:
[15:42:09.773] [MapEnemyMarker]   Instance prop: True
[15:42:09.773] [MapEnemyMarker]   Entities prop: True
[15:42:09.774] [MapEnemyMarker]   EntityRoles: True
[15:42:09.774] [MapEnemyMarker]   MapEntityStates: True
[15:42:09.774] [MapEnemyMarker]     Role None = 0
[15:42:09.774] [MapEnemyMarker]     Role Enemy = 1
[15:42:09.774] [MapEnemyMarker]     Role Ally = 2
[15:42:09.774] [MapEnemyMarker]     Role Spotter = 6
[15:42:09.774] [MapEnemyMarker]     Role AllyGroup1 = 10
[15:42:09.774] [MapEnemyMarker]     Role AllyGroup2 = 18
[15:42:09.774] [MapEnemyMarker]     Role Target = 32
[15:42:09.775] [MapEnemyMarker]     Role OptionalTarget = 64
[15:42:09.775] [MapEnemyMarker]     Role EnemyGroup1 = 129
[15:42:09.775] [MapEnemyMarker]     Role EnemyGroup2 = 257
[15:42:09.775] [MapEnemyMarker]     Role EnemyGroup3 = 513
[15:42:09.775] [MapEnemyMarker]     Role Artillery = 32768
[15:42:09.775] [MapEnemyMarker]     Role Fortification = 65536
[15:42:09.775] [MapEnemyMarker]     Role Infantry = 131072
[15:42:09.775] [MapEnemyMarker]     Role Tank = 262144
[15:42:09.776] [MapEnemyMarker]     Role Reference = 33554432
[15:42:16.848] [IronNestFCS] [FCS] 找到 Player Turret Piece: UnityEngine.Transform, Artilleries: 8
[15:42:16.849] [WARNING] [IronNestFCS] [FCS] 未找到 Fire Mission Root，当前场景尚未就绪
[15:42:16.849] [IronNestFCS] [FCS] Initialize: failed
[15:42:16.850] [WARNING] [IronNestFCS] [Reload] Logic.Initialize() returns false。
[15:42:17.045] [IronNestFCS] [FCS] 找到 Player Turret Piece: UnityEngine.Transform, Artilleries: 8
[15:42:17.046] [WARNING] [IronNestFCS] [FCS] 未找到 Fire Mission Root，当前场景尚未就绪
[15:42:17.047] [IronNestFCS] [FCS] Initialize: failed
[15:42:17.047] [WARNING] [IronNestFCS] [Reload] Logic.Initialize() returns false。
[15:44:17.441] [MapEnemyMarker]   [0] ID=civ, Name=Civ, Role=Ally, MapPos=(16.5, 3.5, 0.0), State=None, Health=1, Location=LocalPos=((16.46, 3.52))
[15:44:17.442] [MapEnemyMarker]   [1] ID=civ1, Name=Civ1, Role=Ally, MapPos=(17.4, 3.5, 0.0), State=None, Health=1, Location=LocalPos=((17.36, 3.49))
[15:44:17.443] [MapEnemyMarker]   [2] ID=civ2, Name=Civ2, Role=Ally, MapPos=(16.2, 3.7, 0.0), State=None, Health=1, Location=LocalPos=((16.21, 3.65))
[15:44:17.443] [MapEnemyMarker]   [3] ID=civ3, Name=Civ3, Role=Ally, MapPos=(17.7, 3.5, 0.0), State=None, Health=1, Location=LocalPos=((17.72, 3.48))
[15:44:17.443] [MapEnemyMarker]   [4] ID=civ4, Name=Civ4, Role=Ally, MapPos=(16.5, 3.8, 0.0), State=None, Health=1, Location=LocalPos=((16.49, 3.85))
[15:44:17.443] [MapEnemyMarker]   [5] ID=civ5, Name=Civ5, Role=Ally, MapPos=(17.4, 3.5, 0.0), State=None, Health=1, Location=LocalPos=((17.37, 3.52))
[15:44:17.444] [MapEnemyMarker]   [6] ID=civ6, Name=Civ6, Role=Ally, MapPos=(17.4, 3.8, 0.0), State=None, Health=1, Location=LocalPos=((17.37, 3.77))
[15:44:17.444] [MapEnemyMarker]   [7] ID=civ7, Name=Civ7, Role=Ally, MapPos=(17.6, 3.7, 0.0), State=None, Health=1, Location=LocalPos=((17.59, 3.72))
[15:44:17.444] [MapEnemyMarker]   [8] ID=prop, Name=Propaganda office, Role=Ally, MapPos=(17.2, 3.8, 0.0), State=None, Health=1, Location=LocalPos=((0.00, 0.00))
[15:44:17.444] [MapEnemyMarker]   [9] ID=police, Name=Police, Role=Ally, MapPos=(17.2, 2.5, 0.0), State=None, Health=1, Location=LocalPos=((0.00, 0.00))
[15:44:17.444] [MapEnemyMarker]   [10] ID=police1, Name=Police1, Role=Ally, MapPos=(17.8, 3.6, 0.0), State=None, Health=1, Location=LocalPos=((0.00, 0.00))
[15:44:17.444] [MapEnemyMarker]   [11] ID=police2, Name=Police2, Role=Ally, MapPos=(15.8, 2.6, 0.0), State=None, Health=1, Location=LocalPos=((0.00, 0.00))
[15:44:18.127] [MapEnemyMarker] 1 enemies updated
[15:44:19.083] [MapEnemyMarker] 1 enemies updated
[15:44:19.662] [IronNestFCS] [FCS] 找到 Player Turret Piece: UnityEngine.Transform, Artilleries: 8
[15:44:19.751] [IronNestFCS] [FCS] Initialize: success
[15:44:19.751] [IronNestFCS] [Reload] Logic loaded and initialized successfully.
[15:44:20.094] [MapEnemyMarker] 1 enemies updated
[15:44:21.098] [MapEnemyMarker] 1 enemies updated
[15:44:22.091] [MapEnemyMarker] 1 enemies updated
[15:44:23.095] [MapEnemyMarker] 1 enemies updated
[15:44:51.313] [MapEnemyMarker] 1 enemies updated
[15:44:52.319] [MapEnemyMarker] 1 enemies updated
[15:44:53.330] [MapEnemyMarker] 1 enemies updated
[15:44:54.331] [MapEnemyMarker] 1 enemies updated
[15:44:55.336] [MapEnemyMarker] 1 enemies updated
[15:44:56.347] [MapEnemyMarker] 1 enemies updated
[15:44:57.352] [MapEnemyMarker] 1 enemies updated
[15:44:58.353] [MapEnemyMarker] 1 enemies updated
[15:45:01.287] [MapEnemyMarker] 1 enemies updated
[15:45:02.291] [MapEnemyMarker] 1 enemies updated
[15:45:03.291] [MapEnemyMarker] 1 enemies updated
[15:45:04.287] [MapEnemyMarker] 1 enemies updated
[15:45:07.758] [MapEnemyMarker] [MapEnemyMarker] Applied scene options: AutoFire=True, maxCharge=False
[15:45:07.775] [MapEnemyMarker] [MapEnemyMarker] Strike request accepted: Target#1, ammo=STAR, autoFire=True, maxCharge=False, angle=82.7, distance=14.21
[15:45:08.837] [MapEnemyMarker] 1 enemies updated
[15:45:09.854] [MapEnemyMarker] 1 enemies updated
[15:45:10.850] [MapEnemyMarker] 1 enemies updated
[15:45:11.283] [FCS] GunSystem Left: Cylinder bullets: HE, HE, HCHE, HE, HE, HCHE
[15:45:11.284] [FCS] GunSystem Left: Cylinder bullets: HE, HE, HCHE, HE, HE, HCHE
[15:45:11.851] [MapEnemyMarker] 1 enemies updated
[15:45:12.852] [MapEnemyMarker] 1 enemies updated
[15:45:13.840] [MapEnemyMarker] 1 enemies updated
[15:45:14.852] [MapEnemyMarker] 1 enemies updated
[15:45:15.853] [MapEnemyMarker] 1 enemies updated
[15:45:16.843] [MapEnemyMarker] 1 enemies updated
[15:45:17.855] [MapEnemyMarker] 1 enemies updated
[15:45:18.853] [MapEnemyMarker] 1 enemies updated
[15:45:19.836] [MapEnemyMarker] 1 enemies updated
[15:45:20.858] [MapEnemyMarker] 1 enemies updated
[15:45:21.864] [MapEnemyMarker] 1 enemies updated
[15:45:22.869] [MapEnemyMarker] 1 enemies updated
[15:45:23.866] [MapEnemyMarker] 1 enemies updated
[15:45:24.865] [MapEnemyMarker] 1 enemies updated
[15:45:25.864] [MapEnemyMarker] 1 enemies updated
[15:45:26.863] [MapEnemyMarker] 1 enemies updated
[15:45:27.863] [MapEnemyMarker] 1 enemies updated
[15:45:28.862] [MapEnemyMarker] 1 enemies updated
[15:45:29.863] [MapEnemyMarker] 1 enemies updated
[15:45:30.858] [MapEnemyMarker] 1 enemies updated
[15:45:31.861] [MapEnemyMarker] 1 enemies updated
[15:45:32.860] [MapEnemyMarker] 1 enemies updated
[15:45:33.864] [MapEnemyMarker] 1 enemies updated
[15:45:34.865] [MapEnemyMarker] 1 enemies updated
[15:45:43.238] [MapEnemyMarker] [MapEnemyMarker] Applied scene options: AutoFire=True, maxCharge=False
[15:45:43.238] [MapEnemyMarker] [MapEnemyMarker] Strike request accepted: Target#1, ammo=AP, autoFire=True, maxCharge=False, angle=82.7, distance=14.21
[15:45:44.844] [MapEnemyMarker] 1 enemies updated
[15:45:45.859] [MapEnemyMarker] 1 enemies updated
[15:45:46.737] [FCS] GunSystem Left: Cylinder bullets: HE, HE, HCHE, HE, HE, HCHE
[15:45:46.738] [FCS] GunSystem Left: Cylinder bullets: HE, HE, HCHE, HE, HE, HCHE
[15:45:46.873] [MapEnemyMarker] 1 enemies updated
[15:45:47.872] [MapEnemyMarker] 1 enemies updated
[15:45:48.889] [MapEnemyMarker] 1 enemies updated
[15:45:49.881] [MapEnemyMarker] 1 enemies updated
[15:45:55.499] [MapEnemyMarker] [MapEnemyMarker] Applied scene options: AutoFire=True, maxCharge=False
[15:45:55.499] [MapEnemyMarker] [MapEnemyMarker] Strike request accepted: Target#1, ammo=HE, autoFire=True, maxCharge=False, angle=82.7, distance=14.21
[15:45:56.517] [MapEnemyMarker] 1 enemies updated
[15:45:57.523] [MapEnemyMarker] 1 enemies updated
[15:45:58.525] [MapEnemyMarker] 1 enemies updated
[15:45:58.872] [FCS] GunSystem Left: Cylinder bullets: HE, HE, HCHE, HE, HE, HCHE
[15:45:58.877] [FCS] GunSystem Left: Cylinder bullets: HE, HE, HCHE, HE, HE, HCHE
[15:45:59.543] [MapEnemyMarker] 1 enemies updated
[15:46:00.537] [MapEnemyMarker] 1 enemies updated
[15:46:01.543] [MapEnemyMarker] 1 enemies updated
[15:46:02.543] [MapEnemyMarker] 1 enemies updated
[15:46:03.541] [MapEnemyMarker] 1 enemies updated
[15:46:14.746] [MapEnemyMarker] 1 enemies updated
[15:46:15.762] [MapEnemyMarker] 1 enemies updated
[15:46:16.766] [MapEnemyMarker] 1 enemies updated
[15:46:17.772] [MapEnemyMarker] 1 enemies updated
[15:46:18.771] [MapEnemyMarker] 1 enemies updated
[15:46:19.773] [MapEnemyMarker] 1 enemies updated
[15:46:20.771] [MapEnemyMarker] 1 enemies updated
[15:46:21.775] [MapEnemyMarker] 1 enemies updated
[15:46:22.772] [MapEnemyMarker] 1 enemies updated
[15:46:23.771] [MapEnemyMarker] 1 enemies updated
[15:46:26.148] Preferences Saved!
