[20:35:18.314] [MelonLoader.Bootstrap] Using HostFXR Path: D:\Steam\steamapps\common\IRON NEST Heavy Turret Simulator Demo\dotnet\host\fxr\6.0.36\hostfxr.dll
[20:35:18.316] [MelonLoader.Bootstrap] Using .NET runtime: 'D:\Steam\steamapps\common\IRON NEST Heavy Turret Simulator Demo\dotnet'

[20:35:19.216] ------------------------------
[20:35:19.217] MelonLoader v0.7.3 Open-Beta
[20:35:19.219] OS: Windows 11
[20:35:19.219] Hash Code: BDD43DC0F3893C208C95389B863AB61C967AE14204DA0DD8051647E754C8709B
[20:35:19.219] ------------------------------
[20:35:19.219] Game Type: Il2cpp
[20:35:19.220] Game Arch: x64
[20:35:19.220] ------------------------------
[20:35:19.220] Command-Line: 
[20:35:19.221] ------------------------------
[20:35:19.221] Core::BasePath = D:\Steam\steamapps\common\IRON NEST Heavy Turret Simulator Demo
[20:35:19.222] Game::BasePath = D:\Steam\steamapps\common\IRON NEST Heavy Turret Simulator Demo
[20:35:19.222] Game::DataPath = D:\Steam\steamapps\common\IRON NEST Heavy Turret Simulator Demo\Iron Nest Heavy Turret Simulator_Data
[20:35:19.222] Game::ApplicationPath = D:\Steam\steamapps\common\IRON NEST Heavy Turret Simulator Demo\Iron Nest Heavy Turret Simulator.exe
[20:35:19.222] Runtime Type: net6
[20:35:19.361] ------------------------------
[20:35:19.362] Game Name: Iron Nest: Heavy Turret Simulator
[20:35:19.362] Game Developer: Iron Nest
[20:35:19.364] Unity Version: 6000.3.9f1
[20:35:19.364] Game Version: 0.4.0
[20:35:19.364] ------------------------------

[20:35:20.543] Preferences Loaded!

[20:35:20.587] Loading UserLibs...
[20:35:20.643] ------------------------------
[20:35:20.647] Melon Assembly loaded: '.\UserLibs\IronNestFCS.Abstractions.dll'
[20:35:20.647] SHA256 Hash: '8EBE19B12C0FE0FFE584860786F42E54AC95D7BB5E5D1F14032C3C3D393DFEA1'
[20:35:20.648] ------------------------------
[20:35:20.648] 0 UserLibs loaded.

[20:35:20.648] Loading Plugins...
[20:35:20.652] 0 Plugins loaded.

[20:35:21.539] Loading Il2CppAssemblyGenerator...
[20:35:21.613] [Il2CppAssemblyGenerator] Contacting RemoteAPI...
[20:35:23.461] [ERROR] [Il2CppAssemblyGenerator] WebException (BadGateway) while Contacting RemoteAPI Host (https://api.melonloader.com/api/v1/game/iron-nest-heavy-turret-simulator): System.Net.Http.HttpRequestException: Response status code does not indicate success: 502 (Bad Gateway).
   at System.Net.Http.HttpResponseMessage.EnsureSuccessStatusCode()
   at MelonLoader.Il2CppAssemblyGenerator.RemoteAPI.ContactHosts() in D:\a\MelonLoader\MelonLoader\Dependencies\Il2CppAssemblyGenerator\RemoteAPI.cs:line 61
[20:35:24.188] [ERROR] [Il2CppAssemblyGenerator] WebException (BadGateway) while Contacting RemoteAPI Host (https://api-1.melonloader.com/api/v1/game/iron-nest-heavy-turret-simulator): System.Net.Http.HttpRequestException: Response status code does not indicate success: 502 (Bad Gateway).
   at System.Net.Http.HttpResponseMessage.EnsureSuccessStatusCode()
   at MelonLoader.Il2CppAssemblyGenerator.RemoteAPI.ContactHosts() in D:\a\MelonLoader\MelonLoader\Dependencies\Il2CppAssemblyGenerator\RemoteAPI.cs:line 61
[20:35:24.870] [ERROR] [Il2CppAssemblyGenerator] WebException (BadGateway) while Contacting RemoteAPI Host (https://api-2.melonloader.com/api/v1/game/iron-nest-heavy-turret-simulator): System.Net.Http.HttpRequestException: Response status code does not indicate success: 502 (Bad Gateway).
   at System.Net.Http.HttpResponseMessage.EnsureSuccessStatusCode()
   at MelonLoader.Il2CppAssemblyGenerator.RemoteAPI.ContactHosts() in D:\a\MelonLoader\MelonLoader\Dependencies\Il2CppAssemblyGenerator\RemoteAPI.cs:line 61
[20:35:25.668] [ERROR] [Il2CppAssemblyGenerator] WebException (BadGateway) while Contacting RemoteAPI Host (https://melon.samboy.dev/api/v1/game/iron-nest-heavy-turret-simulator): System.Net.Http.HttpRequestException: Response status code does not indicate success: 502 (Bad Gateway).
   at System.Net.Http.HttpResponseMessage.EnsureSuccessStatusCode()
   at MelonLoader.Il2CppAssemblyGenerator.RemoteAPI.ContactHosts() in D:\a\MelonLoader\MelonLoader\Dependencies\Il2CppAssemblyGenerator\RemoteAPI.cs:line 61
[20:35:26.729] [ERROR] [Il2CppAssemblyGenerator] WebException (526) while Contacting RemoteAPI Host (https://melon.dubyadu.de/api/v1/game/iron-nest-heavy-turret-simulator): System.Net.Http.HttpRequestException: Response status code does not indicate success: 526 (<none>).
   at System.Net.Http.HttpResponseMessage.EnsureSuccessStatusCode()
   at MelonLoader.Il2CppAssemblyGenerator.RemoteAPI.ContactHosts() in D:\a\MelonLoader\MelonLoader\Dependencies\Il2CppAssemblyGenerator\RemoteAPI.cs:line 61
[20:35:26.729] [Il2CppAssemblyGenerator] RemoteAPI.DumperVersion = null
[20:35:26.730] [Il2CppAssemblyGenerator] RemoteAPI.ObfuscationRegex = null
[20:35:26.730] [Il2CppAssemblyGenerator] RemoteAPI.MappingURL = null
[20:35:26.730] [Il2CppAssemblyGenerator] RemoteAPI.MappingFileSHA512 = null
[20:35:26.733] [Il2CppAssemblyGenerator] Using Cpp2IL Version: 2022.1.0-pre-release.21
[20:35:26.733] [Il2CppAssemblyGenerator] Using Il2CppInterop Version = 1.5.1-ci.845+f03c8f4ae507d47ea814f3d11d1ec6b0391c1576
[20:35:26.733] [Il2CppAssemblyGenerator] Using Unity Dependencies Version = 6000.3.9
[20:35:26.733] [Il2CppAssemblyGenerator] Using Deobfuscation Regex = null
[20:35:26.734] [Il2CppAssemblyGenerator] Cpp2IL is up to date.
[20:35:26.734] [Il2CppAssemblyGenerator] Cpp2IL.Plugin.StrippedCodeRegSupport is up to date.
[20:35:26.734] [Il2CppAssemblyGenerator] UnityDependencies is up to date.
[20:35:26.734] [Il2CppAssemblyGenerator] Checking GameAssembly...
[20:35:27.333] [Il2CppAssemblyGenerator] Assembly is up to date. No Generation Needed.

[20:35:27.334] Loading Mods...
[20:35:27.361] ------------------------------
[20:35:27.364] Melon Assembly loaded: '.\Mods\IronNestFCS.dll'
[20:35:27.364] SHA256 Hash: 'CE58AEFD063028F5B32F9004E02A250DB0A324B57009693703310B4D68F48B86'
[20:35:27.367] Melon Assembly loaded: '.\Mods\MapEnemyMarker.dll'
[20:35:27.367] SHA256 Hash: '7DBA2A31ABD6C4C60205EAEFD79BA69B9595C963FBE0800967002EFEDC4A5AF9'

[20:35:27.584] ------------------------------
[20:35:27.585] IronNestFCS v1.0.4
[20:35:27.585] by svr2kos2
[20:35:27.586] Assembly: IronNestFCS.dll
[20:35:27.586] ------------------------------
[20:35:27.591] ------------------------------
[20:35:27.592] MapEnemyMarker v1.0.0
[20:35:27.592] by Iron Nest
[20:35:27.592] Assembly: MapEnemyMarker.dll
[20:35:27.592] ------------------------------
[20:35:27.592] ------------------------------
[20:35:27.593] 2 Mods loaded.

[20:35:30.907] [WARNING] [Il2CppInterop] Class::Init signatures have been exhausted, using a substitute!
[20:35:30.962] [Il2CppInterop] Registered mono type MelonLoader.Support.MonoEnumeratorWrapper in il2cpp domain
[20:35:31.084] Support Module Loaded: D:\Steam\steamapps\common\IRON NEST Heavy Turret Simulator Demo\MelonLoader\Dependencies\SupportModules\Il2Cpp.dll
[20:35:31.092] [IronNestFCS] IronNestFCS Host Started。Logic path: D:\Steam\steamapps\common\IRON NEST Heavy Turret Simulator Demo\UserData\IronNestFCS\IronNestFCS.Logic.dll
[20:35:31.092] [IronNestFCS] Press F9 to hot reload Logic.
[20:35:31.788] [WARNING] [IronNestFCS] [FCS] 未找到 Player Turret Piece，当前场景尚未就绪
[20:35:31.788] [IronNestFCS] [FCS] Initialize: failed
[20:35:31.788] [WARNING] [IronNestFCS] [Reload] Logic.Initialize() returns false。
[20:35:31.790] MapEnemyMarker loaded!
[20:35:31.790] [MapEnemyMarker] Web root: D:\Steam\steamapps\common\IRON NEST Heavy Turret Simulator Demo\火控计算机网页版
[20:35:31.791] [MapEnemyMarker] HTTP server started on port 45678
[20:35:31.836] [MapEnemyMarker] Successfully patched Time.frameCount
[20:36:08.153] [Il2CppInterop] Registered mono type MelonLoader.Support.SM_Component in il2cpp domain
[20:36:08.174] Registered mono icall UnityEngine.Transform::SetAsLastSibling in il2cpp domain
[20:36:08.194] [MapEnemyMarker] [MapEnemyMarker] Found Assembly-CSharp with 1116 types
[20:36:08.201] [MapEnemyMarker] [MapEnemyMarker] Could not find FireMission type, trying broad search...
[20:36:08.202] [MapEnemyMarker]   Candidate: Il2Cpp.FireMissionCard
[20:36:08.202] [MapEnemyMarker]   Candidate: Il2Cpp.FireMissionCardPrinter
[20:36:08.203] [MapEnemyMarker]   Candidate: Il2Cpp.FireMission
[20:36:08.203] [MapEnemyMarker]   Found: Il2Cpp.FireMission (Instance=Instance, Entities=Entities)
[20:36:08.203] [MapEnemyMarker] [MapEnemyMarker] FireMission properties:
[20:36:08.204] [MapEnemyMarker]   Property: Instance (FireMission)
[20:36:08.204] [MapEnemyMarker]   Property: Entities (Dictionary`2)
[20:36:08.204] [MapEnemyMarker]   Property: _Instance_k__BackingField (FireMission)
[20:36:08.204] [MapEnemyMarker]   Property: useFixedSeed (Boolean)
[20:36:08.204] [MapEnemyMarker]   Property: fixedSeed (Int32)
[20:36:08.204] [MapEnemyMarker]   Property: coordinateRoot (RectTransform)
[20:36:08.204] [MapEnemyMarker]   Property: POI_Prefab (EntityLocation)
[20:36:08.205] [MapEnemyMarker]   Property: cellWidth (Single)
[20:36:08.205] [MapEnemyMarker]   Property: cellHeight (Single)
[20:36:08.205] [MapEnemyMarker]   Property: yIncreasesUp (Boolean)
[20:36:08.205] [MapEnemyMarker]   Property: distanceToKmScale (Single)
[20:36:08.205] [MapEnemyMarker]   Property: clearSpawnedMarkers (Boolean)
[20:36:08.205] [MapEnemyMarker]   Property: DebugLogs (Boolean)
[20:36:08.205] [MapEnemyMarker]   Property: selectOnlyActivePoints (Boolean)
[20:36:08.205] [MapEnemyMarker]   Property: useAlternateTextWhenNoActive (Boolean)
[20:36:08.205] [MapEnemyMarker]   Property: altTextNoActiveTarget (String)
[20:36:08.205] [MapEnemyMarker]   Property: altTextNoActiveEnemy (String)
[20:36:08.206] [MapEnemyMarker]   Property: altTextNoActiveAlly (String)
[20:36:08.206] [MapEnemyMarker]   Property: altTextNoActiveOptionalTarget (String)
[20:36:08.206] [MapEnemyMarker]   Property: seed (Int32)
[20:36:08.206] [MapEnemyMarker]   Property: m_CancellationTokenSource (CancellationTokenSource)
[20:36:08.206] [MapEnemyMarker]   Property: destroyCancellationToken (CancellationToken)
[20:36:08.207] [MapEnemyMarker]   Property: useGUILayout (Boolean)
[20:36:08.207] [MapEnemyMarker]   Property: didStart (Boolean)
[20:36:08.207] [MapEnemyMarker]   Property: didAwake (Boolean)
[20:36:08.207] [MapEnemyMarker]   Property: enabled (Boolean)
[20:36:08.207] [MapEnemyMarker]   Property: isActiveAndEnabled (Boolean)
[20:36:08.207] [MapEnemyMarker]   Property: transform (Transform)
[20:36:08.207] [MapEnemyMarker]   Property: transformHandle (TransformHandle)
[20:36:08.208] [MapEnemyMarker]   Property: gameObject (GameObject)
[20:36:08.208] [MapEnemyMarker]   Property: tag (String)
[20:36:08.208] [MapEnemyMarker]   Property: kInstanceID_None (Int32)
[20:36:08.208] [MapEnemyMarker]   Property: m_CachedPtr (IntPtr)
[20:36:08.208] [MapEnemyMarker]   Property: OffsetOfInstanceIDInCPlusPlusObject (Int32)
[20:36:08.208] [MapEnemyMarker]   Property: objectIsNullMessage (String)
[20:36:08.208] [MapEnemyMarker]   Property: cloneDestroyedMessage (String)
[20:36:08.209] [MapEnemyMarker]   Property: name (String)
[20:36:08.209] [MapEnemyMarker]   Property: hideFlags (HideFlags)
[20:36:08.209] [MapEnemyMarker]   Property: ObjectClass (IntPtr)
[20:36:08.209] [MapEnemyMarker]   Property: Pointer (IntPtr)
[20:36:08.209] [MapEnemyMarker]   Property: WasCollected (Boolean)
[20:36:08.209] [MapEnemyMarker] [MapEnemyMarker] FireMission methods (all):
[20:36:08.209] [MapEnemyMarker]   M: OnValidate() -> Void
[20:36:08.210] [MapEnemyMarker]   M: Awake() -> Void
[20:36:08.210] [MapEnemyMarker]   M: OnEnable() -> Void
[20:36:08.210] [MapEnemyMarker]   M: OnDestroy() -> Void
[20:36:08.210] [MapEnemyMarker]   M: GenerateMission() -> Void
[20:36:08.210] [MapEnemyMarker]   M: GetGridBounds() -> Il2CppStructArray`1
[20:36:08.210] [MapEnemyMarker]   M: ToLocalSpace(Vector3) -> Vector2
[20:36:08.211] [MapEnemyMarker]   M: CreateMapEntity(String,String,Vector3,EntityRoles,Int32,Int32,Int32,MapEntityStates,String) -> MapEntity
[20:36:08.211] [MapEnemyMarker]   M: MoveMapEntity(MapEntity,Vector3) -> Void
[20:36:08.211] [MapEnemyMarker]   M: RegisterMapEntity(MapEntity) -> Void
[20:36:08.211] [MapEnemyMarker]   M: SpawnRuntimeObjectForEntity(MapEntity) -> Void
[20:36:08.211] [MapEnemyMarker]   M: GetNoActiveAlternateTextForRoles(HashSet`1) -> String
[20:36:08.211] [MapEnemyMarker]   M: ProcessNotification(String) -> Void
[20:36:08.211] [MapEnemyMarker]   M: ProcessEvent(EventData) -> Void
[20:36:08.212] [MapEnemyMarker]   M: SetEntityState(MapEntity,MapEntityStates) -> Void
[20:36:08.212] [MapEnemyMarker]   M: AutoAssignCoordinateRootIfNeeded() -> Void
[20:36:08.212] [MapEnemyMarker]   M: ClearSpawnedMarkersIfNeeded() -> Void
[20:36:08.212] [MapEnemyMarker]   M: SampleAreaPosition(RectTransform,Random) -> Vector2
[20:36:08.212] [MapEnemyMarker]   M: RandomPointWorldInside(RectTransform,Random) -> Vector3
[20:36:08.213] [MapEnemyMarker]   M: PositionInRootSpace(GameObject,Vector2) -> Void
[20:36:08.213] [MapEnemyMarker]   M: RaiseCancellation() -> Void
[20:36:08.213] [MapEnemyMarker]   M: IsInvoking() -> Boolean
[20:36:08.213] [MapEnemyMarker]   M: IsInvoking(String) -> Boolean
[20:36:08.213] [MapEnemyMarker]   M: StartCoroutine(String) -> Coroutine
[20:36:08.213] [MapEnemyMarker]   M: StartCoroutine(String,Object) -> Coroutine
[20:36:08.213] [MapEnemyMarker]   M: StartCoroutine(IEnumerator) -> Coroutine
[20:36:08.213] [MapEnemyMarker]   M: StartCoroutine_Auto(IEnumerator) -> Coroutine
[20:36:08.214] [MapEnemyMarker]   M: StopCoroutine(IEnumerator) -> Void
[20:36:08.214] [MapEnemyMarker]   M: StopCoroutine(Coroutine) -> Void
[20:36:08.214] [MapEnemyMarker]   M: StopCoroutine(String) -> Void
[20:36:08.214] [MapEnemyMarker]   M: StopAllCoroutines() -> Void
[20:36:08.215] [MapEnemyMarker]   M: StartCoroutineManaged(String,Object) -> Coroutine
[20:36:08.215] [MapEnemyMarker]   M: StartCoroutineManaged2(IEnumerator) -> Coroutine
[20:36:08.215] [MapEnemyMarker]   M: StopCoroutineManaged(Coroutine) -> Void
[20:36:08.215] [MapEnemyMarker]   M: StopCoroutineFromEnumeratorManaged(IEnumerator) -> Void
[20:36:08.215] [MapEnemyMarker]   M: GetScriptClassName() -> String
[20:36:08.215] [MapEnemyMarker]   M: OnCancellationTokenCreated() -> Void
[20:36:08.215] [MapEnemyMarker]   M: GetComponent(Type) -> Component
[20:36:08.216] [MapEnemyMarker]   M: GetComponentFastPath(Type,IntPtr) -> Void
[20:36:08.216] [MapEnemyMarker]   M: GetComponent() -> T
[20:36:08.216] [MapEnemyMarker]   M: TryGetComponent(Type,Component&) -> Boolean
[20:36:08.216] [MapEnemyMarker]   M: TryGetComponent(T&) -> Boolean
[20:36:08.216] [MapEnemyMarker]   M: GetComponentInChildren(Type,Boolean) -> Component
[20:36:08.216] [MapEnemyMarker]   M: GetComponentInChildren(Boolean) -> T
[20:36:08.216] [MapEnemyMarker]   M: GetComponentInChildren() -> T
[20:36:08.216] [MapEnemyMarker]   M: GetComponentsInChildren(Type) -> Il2CppReferenceArray`1
[20:36:08.217] [MapEnemyMarker]   M: GetComponentsInChildren(Boolean) -> Il2CppArrayBase`1
[20:36:08.217] [MapEnemyMarker]   M: GetComponentsInChildren(Boolean,List`1) -> Void
[20:36:08.217] [MapEnemyMarker]   M: GetComponentsInChildren() -> Il2CppArrayBase`1
[20:36:08.217] [MapEnemyMarker]   M: GetComponentsInChildren(List`1) -> Void
[20:36:08.217] [MapEnemyMarker]   M: GetComponentInParent(Type,Boolean) -> Component
[20:36:08.218] [MapEnemyMarker]   M: GetComponentInParent(Boolean) -> T
[20:36:08.218] [MapEnemyMarker]   M: GetComponentInParent() -> T
[20:36:08.218] [MapEnemyMarker]   M: GetComponentsInParent(Type,Boolean) -> Il2CppReferenceArray`1
[20:36:08.218] [MapEnemyMarker]   M: GetComponentsInParent(Type) -> Il2CppReferenceArray`1
[20:36:08.218] [MapEnemyMarker]   M: GetComponentsInParent(Boolean) -> Il2CppArrayBase`1
[20:36:08.218] [MapEnemyMarker]   M: GetComponentsInParent(Boolean,List`1) -> Void
[20:36:08.218] [MapEnemyMarker]   M: GetComponentsInParent() -> Il2CppArrayBase`1
[20:36:08.219] [MapEnemyMarker]   M: GetComponentsForListInternal(Type,Object) -> Void
[20:36:08.219] [MapEnemyMarker]   M: GetComponents(Type,List`1) -> Void
[20:36:08.219] [MapEnemyMarker]   M: GetComponents(List`1) -> Void
[20:36:08.219] [MapEnemyMarker]   M: GetComponents() -> Il2CppArrayBase`1
[20:36:08.219] [MapEnemyMarker]   M: CompareTag(String) -> Boolean
[20:36:08.219] [MapEnemyMarker]   M: SendMessage(String,Object) -> Void
[20:36:08.220] [MapEnemyMarker]   M: SendMessage(String,Object,SendMessageOptions) -> Void
[20:36:08.220] [MapEnemyMarker]   M: BroadcastMessage(String,Object,SendMessageOptions) -> Void
[20:36:08.220] [MapEnemyMarker]   M: GetComponent(String) -> Component
[20:36:08.220] [MapEnemyMarker]   M: GetComponentInChildren(Type) -> Component
[20:36:08.220] [MapEnemyMarker]   M: GetComponentsInChildren(Type,Boolean) -> Il2CppReferenceArray`1
[20:36:08.220] [MapEnemyMarker]   M: GetComponentInParent(Type) -> Component
[20:36:08.220] [MapEnemyMarker]   M: GetComponents(Type) -> Il2CppReferenceArray`1
[20:36:08.220] [MapEnemyMarker]   M: GetComponentIndex() -> Int32
[20:36:08.220] [MapEnemyMarker]   M: SendMessageUpwards(String,Object,SendMessageOptions) -> Void
[20:36:08.220] [MapEnemyMarker]   M: SendMessageUpwards(String,Object) -> Void
[20:36:08.221] [MapEnemyMarker]   M: SendMessageUpwards(String) -> Void
[20:36:08.221] [MapEnemyMarker]   M: SendMessageUpwards(String,SendMessageOptions) -> Void
[20:36:08.221] [MapEnemyMarker]   M: SendMessage(String) -> Void
[20:36:08.221] [MapEnemyMarker]   M: SendMessage(String,SendMessageOptions) -> Void
[20:36:08.221] [MapEnemyMarker]   M: BroadcastMessage(String,Object) -> Void
[20:36:08.221] [MapEnemyMarker]   M: BroadcastMessage(String) -> Void
[20:36:08.221] [MapEnemyMarker]   M: BroadcastMessage(String,SendMessageOptions) -> Void
[20:36:08.221] [MapEnemyMarker]   M: EnsureRunningOnMainThread() -> Void
[20:36:08.221] [MapEnemyMarker]   M: GetEntityId() -> EntityId
[20:36:08.222] [MapEnemyMarker]   M: GetInstanceID() -> Int32
[20:36:08.222] [MapEnemyMarker]   M: GetHashCode() -> Int32
[20:36:08.222] [MapEnemyMarker]   M: Equals(Object) -> Boolean
[20:36:08.222] [MapEnemyMarker]   M: GetCachedPtr() -> IntPtr
[20:36:08.222] [MapEnemyMarker]   M: ToString() -> String
[20:36:08.222] [MapEnemyMarker]   M: GetName() -> String
[20:36:08.222] [MapEnemyMarker]   M: SetName(String) -> Void
[20:36:08.222] [MapEnemyMarker]   M: MarkDirty() -> Void
[20:36:08.223] [MapEnemyMarker]   M: Finalize() -> Void
[20:36:08.223] [MapEnemyMarker]   M: GetIl2CppType() -> Type
[20:36:08.223] [MapEnemyMarker]   M: MemberwiseClone() -> Object
[20:36:08.223] [MapEnemyMarker]   M: FieldGetter(String,String,Object&) -> Void
[20:36:08.223] [MapEnemyMarker]   M: FieldSetter(String,String,Object) -> Void
[20:36:08.223] [MapEnemyMarker]   M: Cast() -> T
[20:36:08.223] [MapEnemyMarker]   M: Unbox() -> T
[20:36:08.223] [MapEnemyMarker]   M: TryCast() -> T
[20:36:08.223] [MapEnemyMarker]   M: GetType() -> Type
[20:36:08.223] [MapEnemyMarker]   M: ToString() -> String
[20:36:08.224] [MapEnemyMarker]   M: Equals(Object) -> Boolean
[20:36:08.224] [MapEnemyMarker]   M: GetHashCode() -> Int32
[20:36:08.224] [MapEnemyMarker] [MapEnemyMarker] Reflection init:
[20:36:08.224] [MapEnemyMarker]   Instance prop: True
[20:36:08.224] [MapEnemyMarker]   Entities prop: True
[20:36:08.224] [MapEnemyMarker]   EntityRoles: True
[20:36:08.224] [MapEnemyMarker]   MapEntityStates: True
[20:36:08.224] [MapEnemyMarker]     Role None = 0
[20:36:08.225] [MapEnemyMarker]     Role Enemy = 1
[20:36:08.225] [MapEnemyMarker]     Role Ally = 2
[20:36:08.225] [MapEnemyMarker]     Role Spotter = 6
[20:36:08.225] [MapEnemyMarker]     Role AllyGroup1 = 10
[20:36:08.225] [MapEnemyMarker]     Role AllyGroup2 = 18
[20:36:08.225] [MapEnemyMarker]     Role Target = 32
[20:36:08.225] [MapEnemyMarker]     Role OptionalTarget = 64
[20:36:08.225] [MapEnemyMarker]     Role EnemyGroup1 = 129
[20:36:08.225] [MapEnemyMarker]     Role EnemyGroup2 = 257
[20:36:08.226] [MapEnemyMarker]     Role EnemyGroup3 = 513
[20:36:08.226] [MapEnemyMarker]     Role Artillery = 32768
[20:36:08.226] [MapEnemyMarker]     Role Fortification = 65536
[20:36:08.226] [MapEnemyMarker]     Role Infantry = 131072
[20:36:08.226] [MapEnemyMarker]     Role Tank = 262144
[20:36:08.226] [MapEnemyMarker]     Role Reference = 33554432
[20:36:13.074] [IronNestFCS] [FCS] 找到 Player Turret Piece: UnityEngine.Transform, Artilleries: 8
[20:36:13.075] [WARNING] [IronNestFCS] [FCS] 未找到 Fire Mission Root，当前场景尚未就绪
[20:36:13.075] [IronNestFCS] [FCS] Initialize: failed
[20:36:13.075] [WARNING] [IronNestFCS] [Reload] Logic.Initialize() returns false。
[20:36:13.208] [IronNestFCS] [FCS] 找到 Player Turret Piece: UnityEngine.Transform, Artilleries: 8
[20:36:13.209] [WARNING] [IronNestFCS] [FCS] 未找到 Fire Mission Root，当前场景尚未就绪
[20:36:13.210] [IronNestFCS] [FCS] Initialize: failed
[20:36:13.210] [WARNING] [IronNestFCS] [Reload] Logic.Initialize() returns false。
[20:36:16.143] [MapEnemyMarker]   [0] ID=civ, Name=Civ, Role=Ally, MapPos=(17.7, 3.8, 0.0), State=None, Health=1, Location=LocalPos=((17.71, 3.80))
[20:36:16.147] [MapEnemyMarker]   [1] ID=civ1, Name=Civ1, Role=Ally, MapPos=(16.8, 4.2, 0.0), State=None, Health=1, Location=LocalPos=((16.76, 4.21))
[20:36:16.148] [MapEnemyMarker]   [2] ID=civ2, Name=Civ2, Role=Ally, MapPos=(16.9, 2.6, 0.0), State=None, Health=1, Location=LocalPos=((16.88, 2.60))
[20:36:16.149] [MapEnemyMarker]   [3] ID=civ3, Name=Civ3, Role=Ally, MapPos=(17.4, 3.4, 0.0), State=None, Health=1, Location=LocalPos=((17.37, 3.44))
[20:36:16.149] [MapEnemyMarker]   [4] ID=civ4, Name=Civ4, Role=Ally, MapPos=(17.7, 3.5, 0.0), State=None, Health=1, Location=LocalPos=((17.69, 3.50))
[20:36:16.149] [MapEnemyMarker]   [5] ID=civ5, Name=Civ5, Role=Ally, MapPos=(15.9, 2.9, 0.0), State=None, Health=1, Location=LocalPos=((15.87, 2.92))
[20:36:16.149] [MapEnemyMarker]   [6] ID=civ6, Name=Civ6, Role=Ally, MapPos=(17.5, 3.3, 0.0), State=None, Health=1, Location=LocalPos=((17.48, 3.32))
[20:36:16.149] [MapEnemyMarker]   [7] ID=civ7, Name=Civ7, Role=Ally, MapPos=(16.7, 4.2, 0.0), State=None, Health=1, Location=LocalPos=((16.74, 4.25))
[20:36:16.150] [MapEnemyMarker]   [8] ID=prop, Name=Propaganda office, Role=Ally, MapPos=(17.3, 3.4, 0.0), State=None, Health=1, Location=LocalPos=((0.00, 0.00))
[20:36:16.150] [MapEnemyMarker]   [9] ID=police, Name=Police, Role=Ally, MapPos=(17.7, 3.4, 0.0), State=None, Health=1, Location=LocalPos=((0.00, 0.00))
[20:36:16.150] [MapEnemyMarker]   [10] ID=police1, Name=Police1, Role=Ally, MapPos=(17.3, 4.1, 0.0), State=None, Health=1, Location=LocalPos=((0.00, 0.00))
[20:36:16.150] [MapEnemyMarker]   [11] ID=police2, Name=Police2, Role=Ally, MapPos=(17.6, 3.5, 0.0), State=None, Health=1, Location=LocalPos=((0.00, 0.00))
[20:36:17.067] [MapEnemyMarker] [MapEnemyMarker] 1 enemies updated
[20:36:18.071] [MapEnemyMarker] [MapEnemyMarker] 1 enemies updated
[20:36:18.717] [IronNestFCS] [FCS] 找到 Player Turret Piece: UnityEngine.Transform, Artilleries: 8
[20:36:18.736] [IronNestFCS] [FCS] Initialize: success
[20:36:18.736] [IronNestFCS] [Reload] Logic loaded and initialized successfully.
[20:36:19.072] [MapEnemyMarker] [MapEnemyMarker] 1 enemies updated
[20:36:20.081] [MapEnemyMarker] [MapEnemyMarker] 1 enemies updated
[20:36:21.093] [MapEnemyMarker] [MapEnemyMarker] 1 enemies updated
[20:36:22.097] [MapEnemyMarker] [MapEnemyMarker] 1 enemies updated
[20:36:23.094] [MapEnemyMarker] [MapEnemyMarker] 1 enemies updated
[20:36:24.089] [MapEnemyMarker] [MapEnemyMarker] 1 enemies updated
[20:36:25.092] [MapEnemyMarker] [MapEnemyMarker] 1 enemies updated
[20:36:26.099] [MapEnemyMarker] [MapEnemyMarker] 1 enemies updated
[20:36:27.103] [MapEnemyMarker] [MapEnemyMarker] 1 enemies updated
[20:36:28.104] [MapEnemyMarker] [MapEnemyMarker] 1 enemies updated
[20:36:29.108] [MapEnemyMarker] [MapEnemyMarker] 1 enemies updated
[20:36:30.111] [MapEnemyMarker] [MapEnemyMarker] 1 enemies updated
[20:36:31.110] [MapEnemyMarker] [MapEnemyMarker] 1 enemies updated
[20:36:32.112] [MapEnemyMarker] [MapEnemyMarker] 1 enemies updated
