[15:46:53.029] [MelonLoader.Bootstrap] Using HostFXR Path: D:\Steam\steamapps\common\IRON NEST Heavy Turret Simulator Demo\dotnet\host\fxr\6.0.36\hostfxr.dll
[15:46:53.030] [MelonLoader.Bootstrap] Using .NET runtime: 'D:\Steam\steamapps\common\IRON NEST Heavy Turret Simulator Demo\dotnet'

[15:46:54.102] ------------------------------
[15:46:54.104] MelonLoader v0.7.3 Open-Beta
[15:46:54.105] OS: Windows 11
[15:46:54.106] Hash Code: BDD43DC0F3893C208C95389B863AB61C967AE14204DA0DD8051647E754C8709B
[15:46:54.106] ------------------------------
[15:46:54.106] Game Type: Il2cpp
[15:46:54.106] Game Arch: x64
[15:46:54.106] ------------------------------
[15:46:54.106] Command-Line: 
[15:46:54.107] ------------------------------
[15:46:54.107] Core::BasePath = D:\Steam\steamapps\common\IRON NEST Heavy Turret Simulator Demo
[15:46:54.107] Game::BasePath = D:\Steam\steamapps\common\IRON NEST Heavy Turret Simulator Demo
[15:46:54.108] Game::DataPath = D:\Steam\steamapps\common\IRON NEST Heavy Turret Simulator Demo\Iron Nest Heavy Turret Simulator_Data
[15:46:54.108] Game::ApplicationPath = D:\Steam\steamapps\common\IRON NEST Heavy Turret Simulator Demo\Iron Nest Heavy Turret Simulator.exe
[15:46:54.108] Runtime Type: net6
[15:46:54.258] ------------------------------
[15:46:54.258] Game Name: Iron Nest: Heavy Turret Simulator
[15:46:54.259] Game Developer: Iron Nest
[15:46:54.260] Unity Version: 6000.3.9f1
[15:46:54.260] Game Version: 0.4.0
[15:46:54.260] ------------------------------

[15:46:55.530] Preferences Loaded!

[15:46:55.585] Loading UserLibs...
[15:46:55.604] ------------------------------
[15:46:55.608] Melon Assembly loaded: '.\UserLibs\IronNestFCS.Abstractions.dll'
[15:46:55.609] SHA256 Hash: '8EBE19B12C0FE0FFE584860786F42E54AC95D7BB5E5D1F14032C3C3D393DFEA1'
[15:46:55.610] ------------------------------
[15:46:55.610] 0 UserLibs loaded.

[15:46:55.610] Loading Plugins...
[15:46:55.615] 0 Plugins loaded.

[15:46:57.579] Loading Il2CppAssemblyGenerator...
[15:46:57.659] [Il2CppAssemblyGenerator] Contacting RemoteAPI...
[15:46:59.968] [ERROR] [Il2CppAssemblyGenerator] WebException (BadGateway) while Contacting RemoteAPI Host (https://api.melonloader.com/api/v1/game/iron-nest-heavy-turret-simulator): System.Net.Http.HttpRequestException: Response status code does not indicate success: 502 (Bad Gateway).
   at System.Net.Http.HttpResponseMessage.EnsureSuccessStatusCode()
   at MelonLoader.Il2CppAssemblyGenerator.RemoteAPI.ContactHosts() in D:\a\MelonLoader\MelonLoader\Dependencies\Il2CppAssemblyGenerator\RemoteAPI.cs:line 61
[15:47:00.844] [ERROR] [Il2CppAssemblyGenerator] WebException (BadGateway) while Contacting RemoteAPI Host (https://api-1.melonloader.com/api/v1/game/iron-nest-heavy-turret-simulator): System.Net.Http.HttpRequestException: Response status code does not indicate success: 502 (Bad Gateway).
   at System.Net.Http.HttpResponseMessage.EnsureSuccessStatusCode()
   at MelonLoader.Il2CppAssemblyGenerator.RemoteAPI.ContactHosts() in D:\a\MelonLoader\MelonLoader\Dependencies\Il2CppAssemblyGenerator\RemoteAPI.cs:line 61
[15:47:01.817] [ERROR] [Il2CppAssemblyGenerator] WebException (BadGateway) while Contacting RemoteAPI Host (https://api-2.melonloader.com/api/v1/game/iron-nest-heavy-turret-simulator): System.Net.Http.HttpRequestException: Response status code does not indicate success: 502 (Bad Gateway).
   at System.Net.Http.HttpResponseMessage.EnsureSuccessStatusCode()
   at MelonLoader.Il2CppAssemblyGenerator.RemoteAPI.ContactHosts() in D:\a\MelonLoader\MelonLoader\Dependencies\Il2CppAssemblyGenerator\RemoteAPI.cs:line 61
[15:47:02.633] [ERROR] [Il2CppAssemblyGenerator] WebException (BadGateway) while Contacting RemoteAPI Host (https://melon.samboy.dev/api/v1/game/iron-nest-heavy-turret-simulator): System.Net.Http.HttpRequestException: Response status code does not indicate success: 502 (Bad Gateway).
   at System.Net.Http.HttpResponseMessage.EnsureSuccessStatusCode()
   at MelonLoader.Il2CppAssemblyGenerator.RemoteAPI.ContactHosts() in D:\a\MelonLoader\MelonLoader\Dependencies\Il2CppAssemblyGenerator\RemoteAPI.cs:line 61
[15:47:03.499] [ERROR] [Il2CppAssemblyGenerator] WebException (526) while Contacting RemoteAPI Host (https://melon.dubyadu.de/api/v1/game/iron-nest-heavy-turret-simulator): System.Net.Http.HttpRequestException: Response status code does not indicate success: 526 (<none>).
   at System.Net.Http.HttpResponseMessage.EnsureSuccessStatusCode()
   at MelonLoader.Il2CppAssemblyGenerator.RemoteAPI.ContactHosts() in D:\a\MelonLoader\MelonLoader\Dependencies\Il2CppAssemblyGenerator\RemoteAPI.cs:line 61
[15:47:03.499] [Il2CppAssemblyGenerator] RemoteAPI.DumperVersion = null
[15:47:03.499] [Il2CppAssemblyGenerator] RemoteAPI.ObfuscationRegex = null
[15:47:03.499] [Il2CppAssemblyGenerator] RemoteAPI.MappingURL = null
[15:47:03.499] [Il2CppAssemblyGenerator] RemoteAPI.MappingFileSHA512 = null
[15:47:03.502] [Il2CppAssemblyGenerator] Using Cpp2IL Version: 2022.1.0-pre-release.21
[15:47:03.503] [Il2CppAssemblyGenerator] Using Il2CppInterop Version = 1.5.1-ci.845+f03c8f4ae507d47ea814f3d11d1ec6b0391c1576
[15:47:03.503] [Il2CppAssemblyGenerator] Using Unity Dependencies Version = 6000.3.9
[15:47:03.503] [Il2CppAssemblyGenerator] Using Deobfuscation Regex = null
[15:47:03.503] [Il2CppAssemblyGenerator] Cpp2IL is up to date.
[15:47:03.503] [Il2CppAssemblyGenerator] Cpp2IL.Plugin.StrippedCodeRegSupport is up to date.
[15:47:03.503] [Il2CppAssemblyGenerator] UnityDependencies is up to date.
[15:47:03.503] [Il2CppAssemblyGenerator] Checking GameAssembly...
[15:47:04.069] [Il2CppAssemblyGenerator] Assembly is up to date. No Generation Needed.

[15:47:04.071] Loading Mods...
[15:47:04.100] ------------------------------
[15:47:04.102] Melon Assembly loaded: '.\Mods\IronNestFCS.dll'
[15:47:04.102] SHA256 Hash: 'CE58AEFD063028F5B32F9004E02A250DB0A324B57009693703310B4D68F48B86'
[15:47:04.103] Melon Assembly loaded: '.\Mods\MapEnemyMarker.dll'
[15:47:04.104] SHA256 Hash: '78879B6E8F14ACEE5128C6AF597AD807A43875B384C4BF27356CA6AC5B9B48D9'

[15:47:04.292] ------------------------------
[15:47:04.292] IronNestFCS v1.0.4
[15:47:04.293] by svr2kos2
[15:47:04.293] Assembly: IronNestFCS.dll
[15:47:04.293] ------------------------------
[15:47:04.299] ------------------------------
[15:47:04.299] MapEnemyMarker v1.0.0
[15:47:04.299] by Iron Nest
[15:47:04.299] Assembly: MapEnemyMarker.dll
[15:47:04.299] ------------------------------
[15:47:04.299] ------------------------------
[15:47:04.299] 2 Mods loaded.

[15:47:07.914] [WARNING] [Il2CppInterop] Class::Init signatures have been exhausted, using a substitute!
[15:47:07.959] [Il2CppInterop] Registered mono type MelonLoader.Support.MonoEnumeratorWrapper in il2cpp domain
[15:47:08.049] Support Module Loaded: D:\Steam\steamapps\common\IRON NEST Heavy Turret Simulator Demo\MelonLoader\Dependencies\SupportModules\Il2Cpp.dll
[15:47:08.058] IronNestFCS Host Started。Logic path: D:\Steam\steamapps\common\IRON NEST Heavy Turret Simulator Demo\UserData\IronNestFCS\IronNestFCS.Logic.dll
[15:47:08.059] Press F9 to hot reload Logic.
[15:47:08.815] [WARNING] [IronNestFCS] [FCS] 未找到 Player Turret Piece，当前场景尚未就绪
[15:47:08.815] [IronNestFCS] [FCS] Initialize: failed
[15:47:08.816] [WARNING] [IronNestFCS] [Reload] Logic.Initialize() returns false。
[15:47:08.817] MapEnemyMarker loaded!
[15:47:08.817] [MapEnemyMarker] Web root: D:\Steam\steamapps\common\IRON NEST Heavy Turret Simulator Demo\火控计算机网页版
[15:47:08.819] [MapEnemyMarker] HTTP server started on port 45678
[15:47:08.857] [MapEnemyMarker] Successfully patched Time.frameCount
[15:47:48.324] [Il2CppInterop] Registered mono type MelonLoader.Support.SM_Component in il2cpp domain
[15:47:48.375] Registered mono icall UnityEngine.Transform::SetAsLastSibling in il2cpp domain
[15:47:48.415] [MapEnemyMarker] [MapEnemyMarker] Found Assembly-CSharp with 1116 types
[15:47:48.416] [MapEnemyMarker] [MapEnemyMarker] Could not find FireMission type, trying broad search...
[15:47:48.416] [MapEnemyMarker]   Candidate: Il2Cpp.FireMissionCard
[15:47:48.416] [MapEnemyMarker]   Candidate: Il2Cpp.FireMissionCardPrinter
[15:47:48.416] [MapEnemyMarker]   Candidate: Il2Cpp.FireMission
[15:47:48.417] [MapEnemyMarker]   Found: Il2Cpp.FireMission (Instance=Instance, Entities=Entities)
[15:47:48.417] [MapEnemyMarker] [MapEnemyMarker] Reflection init:
[15:47:48.417] [MapEnemyMarker]   Instance prop: True
[15:47:48.417] [MapEnemyMarker]   Entities prop: True
[15:47:48.417] [MapEnemyMarker]   EntityRoles: True
[15:47:48.417] [MapEnemyMarker]   MapEntityStates: True
[15:47:48.417] [MapEnemyMarker]     Role None = 0
[15:47:48.417] [MapEnemyMarker]     Role Enemy = 1
[15:47:48.417] [MapEnemyMarker]     Role Ally = 2
[15:47:48.418] [MapEnemyMarker]     Role Spotter = 6
[15:47:48.418] [MapEnemyMarker]     Role AllyGroup1 = 10
[15:47:48.418] [MapEnemyMarker]     Role AllyGroup2 = 18
[15:47:48.418] [MapEnemyMarker]     Role Target = 32
[15:47:48.418] [MapEnemyMarker]     Role OptionalTarget = 64
[15:47:48.418] [MapEnemyMarker]     Role EnemyGroup1 = 129
[15:47:48.418] [MapEnemyMarker]     Role EnemyGroup2 = 257
[15:47:48.418] [MapEnemyMarker]     Role EnemyGroup3 = 513
[15:47:48.418] [MapEnemyMarker]     Role Artillery = 32768
[15:47:48.418] [MapEnemyMarker]     Role Fortification = 65536
[15:47:48.419] [MapEnemyMarker]     Role Infantry = 131072
[15:47:48.419] [MapEnemyMarker]     Role Tank = 262144
[15:47:48.419] [MapEnemyMarker]     Role Reference = 33554432
[15:47:53.470] [IronNestFCS] [FCS] 找到 Player Turret Piece: UnityEngine.Transform, Artilleries: 8
[15:47:53.471] [WARNING] [IronNestFCS] [FCS] 未找到 Fire Mission Root，当前场景尚未就绪
[15:47:53.471] [IronNestFCS] [FCS] Initialize: failed
[15:47:53.471] [WARNING] [IronNestFCS] [Reload] Logic.Initialize() returns false。
[15:47:53.660] [IronNestFCS] [FCS] 找到 Player Turret Piece: UnityEngine.Transform, Artilleries: 8
[15:47:53.661] [WARNING] [IronNestFCS] [FCS] 未找到 Fire Mission Root，当前场景尚未就绪
[15:47:53.661] [IronNestFCS] [FCS] Initialize: failed
[15:47:53.661] [WARNING] [IronNestFCS] [Reload] Logic.Initialize() returns false。
[15:48:02.545] [MapEnemyMarker]   [0] ID=infantry1, Name=Infantry1, Role=Enemy, Infantry, MapPos=(15.2, 2.7, 0.0), State=None, Health=1, Location=LocalPos=((15.20, 2.66))
[15:48:02.546] [MapEnemyMarker]   [1] ID=infantry2, Name=Infantry2, Role=Enemy, Infantry, MapPos=(19.4, 6.7, 0.0), State=None, Health=1, Location=LocalPos=((19.45, 6.68))
[15:48:02.548] [MapEnemyMarker]   [2] ID=infantry3, Name=Infantry3, Role=Enemy, Infantry, MapPos=(18.9, 7.7, 0.0), State=None, Health=1, Location=LocalPos=((18.88, 7.71))
[15:48:02.548] [MapEnemyMarker]   [3] ID=infantry4, Name=Infantry4, Role=Enemy, Infantry, MapPos=(16.4, 2.8, 0.0), State=None, Health=1, Location=LocalPos=((16.39, 2.83))
[15:48:02.548] [MapEnemyMarker]   [4] ID=spotter1, Name=Spotter#1, Role=Spotter, MapPos=(16.6, 9.1, 0.0), State=None, Health=1, Location=LocalPos=((0.00, 0.00))
[15:48:02.548] [MapEnemyMarker]   [5] ID=spotter2, Name=Spotter#2, Role=Spotter, MapPos=(11.0, 5.3, 0.0), State=None, Health=1, Location=LocalPos=((0.00, 0.00))
[15:48:02.550] [MapEnemyMarker] 4 enemies updated
[15:48:03.508] [MapEnemyMarker] 7 enemies updated
[15:48:04.521] [MapEnemyMarker] 7 enemies updated
[15:48:05.123] [IronNestFCS] [FCS] 找到 Player Turret Piece: UnityEngine.Transform, Artilleries: 8
[15:48:05.245] [IronNestFCS] [FCS] PurchaseDeck: Found card HEShell
[15:48:05.245] [IronNestFCS] [FCS] PurchaseDeck: Found card CLMNShell
[15:48:05.246] [IronNestFCS] [FCS] PurchaseDeck: Found card PHGNShell
[15:48:05.246] [IronNestFCS] [FCS] PurchaseDeck: Found card STARShell
[15:48:05.247] [IronNestFCS] [FCS] PurchaseDeck: Found card APShell
[15:48:05.247] [IronNestFCS] [FCS] PurchaseDeck: Found card ScoutPlane
[15:48:05.247] [IronNestFCS] [FCS] PurchaseDeck: Found card PowderCharges
[15:48:05.253] [IronNestFCS] [FCS] Initialize: success
[15:48:05.253] [IronNestFCS] [Reload] Logic loaded and initialized successfully.
[15:48:05.524] [MapEnemyMarker] 7 enemies updated
[15:48:06.520] [MapEnemyMarker] 7 enemies updated
[15:48:07.524] [MapEnemyMarker] 7 enemies updated
[15:48:08.513] [MapEnemyMarker] 7 enemies updated
[15:48:09.518] [MapEnemyMarker] 7 enemies updated
[15:48:10.522] [MapEnemyMarker] 7 enemies updated
[15:48:11.536] [MapEnemyMarker] 7 enemies updated
[15:48:12.534] [MapEnemyMarker] 7 enemies updated
[15:48:13.535] [MapEnemyMarker] 7 enemies updated
[15:48:14.537] [MapEnemyMarker] 7 enemies updated
[15:48:15.544] [MapEnemyMarker] 7 enemies updated
[15:48:16.555] [MapEnemyMarker] 7 enemies updated
[15:49:09.654] [MapEnemyMarker] 7 enemies updated
[15:49:10.653] [MapEnemyMarker] 7 enemies updated
[15:49:11.660] [MapEnemyMarker] 7 enemies updated
[15:49:12.664] [MapEnemyMarker] 7 enemies updated
[15:49:13.662] [MapEnemyMarker] 7 enemies updated
[15:49:14.681] [MapEnemyMarker] 7 enemies updated
[15:49:15.688] [MapEnemyMarker] 7 enemies updated
[15:49:16.683] [MapEnemyMarker] 7 enemies updated
[15:49:17.686] [MapEnemyMarker] 7 enemies updated
[15:49:18.689] [MapEnemyMarker] 7 enemies updated
[15:49:19.687] [MapEnemyMarker] 7 enemies updated
[15:49:38.558] [MapEnemyMarker] [MapEnemyMarker] Applied scene options: AutoFire=True, maxCharge=False
[15:49:38.576] [MapEnemyMarker] [MapEnemyMarker] Strike request accepted: Artillery#1, ammo=HE, autoFire=True, maxCharge=False, angle=79.9, distance=11.15
[15:49:40.754] [MapEnemyMarker] [MapEnemyMarker] Applied scene options: AutoFire=True, maxCharge=False
[15:49:40.754] [MapEnemyMarker] [MapEnemyMarker] Strike request accepted: Artillery#3, ammo=HE, autoFire=True, maxCharge=False, angle=98.8, distance=8.56
[15:49:42.623] [MapEnemyMarker] 7 enemies updated
[15:49:43.633] [MapEnemyMarker] 7 enemies updated
[15:49:44.640] [MapEnemyMarker] 7 enemies updated
[15:49:45.082] [FCS] GunSystem Left: Cylinder bullets: , , , , , 
[15:49:45.082] [FCS] GunSystem Left: Cylinder bullets: , , , , , 
[15:49:45.653] [MapEnemyMarker] 7 enemies updated
[15:49:46.646] [MapEnemyMarker] 7 enemies updated
[15:49:47.636] [MapEnemyMarker] 7 enemies updated
[15:49:47.763] [FCS] GunSystem Left: Cylinder bullets: HE, , , , , 
[15:49:48.642] [MapEnemyMarker] 7 enemies updated
[15:49:49.656] [MapEnemyMarker] 7 enemies updated
[15:49:50.321] [FCS] GunSystem Right: Cylinder bullets: , , , , , 
[15:49:50.321] [FCS] GunSystem Right: Cylinder bullets: , , , , , 
[15:49:50.659] [MapEnemyMarker] 7 enemies updated
[15:49:51.661] [MapEnemyMarker] 7 enemies updated
[15:49:52.668] [MapEnemyMarker] 7 enemies updated
[15:49:53.070] [FCS] GunSystem Right: Cylinder bullets: HE, , , , , 
[15:49:53.669] [MapEnemyMarker] 7 enemies updated
[15:49:54.675] [MapEnemyMarker] 7 enemies updated
[15:49:55.695] [MapEnemyMarker] 7 enemies updated
[15:49:56.692] [MapEnemyMarker] 7 enemies updated
[15:49:57.690] [MapEnemyMarker] 7 enemies updated
[15:49:58.693] [MapEnemyMarker] 7 enemies updated
[15:49:59.722] [MapEnemyMarker] 7 enemies updated
[15:50:00.697] [MapEnemyMarker] 7 enemies updated
[15:50:01.697] [MapEnemyMarker] 7 enemies updated
[15:50:02.706] [MapEnemyMarker] 7 enemies updated
[15:50:03.715] [MapEnemyMarker] 7 enemies updated
[15:50:04.716] [MapEnemyMarker] 7 enemies updated
[15:50:05.733] [MapEnemyMarker] 7 enemies updated
[15:50:06.727] [MapEnemyMarker] 7 enemies updated
[15:50:07.737] [MapEnemyMarker] 7 enemies updated
[15:50:08.746] [MapEnemyMarker] 7 enemies updated
[15:50:09.737] [MapEnemyMarker] 7 enemies updated
[15:50:10.756] [MapEnemyMarker] 7 enemies updated
[15:50:11.743] [MapEnemyMarker] 7 enemies updated
[15:50:12.738] [MapEnemyMarker] 7 enemies updated
[15:50:13.744] [MapEnemyMarker] 7 enemies updated
[15:50:14.739] [MapEnemyMarker] 7 enemies updated
[15:50:15.739] [MapEnemyMarker] 7 enemies updated
[15:50:16.742] [MapEnemyMarker] 7 enemies updated
[15:50:17.743] [MapEnemyMarker] 7 enemies updated
[15:50:18.739] [MapEnemyMarker] 7 enemies updated
[15:50:19.744] [MapEnemyMarker] 7 enemies updated
[15:50:20.752] [MapEnemyMarker] 7 enemies updated
[15:50:21.754] [MapEnemyMarker] 7 enemies updated
[15:50:22.760] [MapEnemyMarker] 7 enemies updated
[15:50:23.755] [MapEnemyMarker] 7 enemies updated
[15:50:24.764] [MapEnemyMarker] 7 enemies updated
[15:50:25.778] [MapEnemyMarker] 7 enemies updated
[15:50:26.788] [MapEnemyMarker] 7 enemies updated
[15:50:27.786] [MapEnemyMarker] 7 enemies updated
[15:50:28.782] [MapEnemyMarker] 7 enemies updated
[15:50:29.781] [MapEnemyMarker] 7 enemies updated
[15:50:30.791] [MapEnemyMarker] 7 enemies updated
[15:50:31.792] [MapEnemyMarker] 7 enemies updated
[15:50:32.795] [MapEnemyMarker] 7 enemies updated
[15:50:33.799] [MapEnemyMarker] 7 enemies updated
[15:50:34.808] [MapEnemyMarker] 7 enemies updated
[15:50:35.813] [MapEnemyMarker] 7 enemies updated
[15:50:36.810] [MapEnemyMarker] 7 enemies updated
[15:50:37.800] [MapEnemyMarker] 7 enemies updated
[15:50:38.804] [MapEnemyMarker] 7 enemies updated
[15:50:39.806] [MapEnemyMarker] 7 enemies updated
[15:50:40.795] [MapEnemyMarker] 7 enemies updated
[15:50:41.813] [MapEnemyMarker] 7 enemies updated
[15:50:42.796] [MapEnemyMarker] 7 enemies updated
[15:50:43.812] [MapEnemyMarker] 7 enemies updated
[15:50:44.810] [MapEnemyMarker] 7 enemies updated
[15:50:45.817] [MapEnemyMarker] 7 enemies updated
[15:50:46.827] [MapEnemyMarker] 7 enemies updated
[15:50:47.820] [MapEnemyMarker] 7 enemies updated
[15:50:48.823] [MapEnemyMarker] 7 enemies updated
[15:50:49.828] [MapEnemyMarker] 7 enemies updated
[15:50:50.844] [MapEnemyMarker] 7 enemies updated
[15:50:51.840] [MapEnemyMarker] 7 enemies updated
[15:50:52.844] [MapEnemyMarker] 7 enemies updated
[15:50:53.837] [MapEnemyMarker] 7 enemies updated
[15:50:54.855] [MapEnemyMarker] 7 enemies updated
[15:50:55.863] [MapEnemyMarker] 7 enemies updated
[15:50:56.855] [MapEnemyMarker] 7 enemies updated
[15:50:57.859] [MapEnemyMarker] 7 enemies updated
[15:50:58.587] [MapEnemyMarker] [MapEnemyMarker] Applied scene options: AutoFire=True, maxCharge=False
[15:50:58.588] [MapEnemyMarker] [MapEnemyMarker] Strike request accepted: Artillery#2, ammo=HE, autoFire=True, maxCharge=False, angle=79.5, distance=11.40
[15:51:00.741] [MapEnemyMarker] [MapEnemyMarker] Applied scene options: AutoFire=True, maxCharge=False
[15:51:00.742] [MapEnemyMarker] [MapEnemyMarker] Strike request accepted: Infantry1, ammo=HE, autoFire=True, maxCharge=False, angle=112.0, distance=7.17
[15:51:02.410] [MapEnemyMarker] [MapEnemyMarker] Applied scene options: AutoFire=True, maxCharge=False
[15:51:02.410] [MapEnemyMarker] [MapEnemyMarker] Strike request accepted: Infantry2, ammo=HE, autoFire=True, maxCharge=False, angle=83.0, distance=10.98
[15:51:04.639] [MapEnemyMarker] [MapEnemyMarker] Applied scene options: AutoFire=True, maxCharge=False
[15:51:04.640] [MapEnemyMarker] [MapEnemyMarker] Strike request accepted: Infantry3, ammo=HE, autoFire=True, maxCharge=False, angle=77.1, distance=10.60
[15:51:06.870] [MapEnemyMarker] [MapEnemyMarker] Applied scene options: AutoFire=True, maxCharge=False
[15:51:06.871] [MapEnemyMarker] [MapEnemyMarker] Strike request accepted: Infantry4, ammo=HE, autoFire=True, maxCharge=False, angle=107.8, distance=8.24
[15:51:09.209] [MapEnemyMarker] 7 enemies updated
[15:51:10.209] [MapEnemyMarker] 7 enemies updated
[15:51:11.204] [MapEnemyMarker] 7 enemies updated
[15:51:12.202] [MapEnemyMarker] 7 enemies updated
[15:51:13.221] [MapEnemyMarker] 7 enemies updated
[15:51:14.207] [MapEnemyMarker] 7 enemies updated
[15:51:15.203] [MapEnemyMarker] 7 enemies updated
[15:51:16.213] [MapEnemyMarker] 7 enemies updated
[15:51:17.224] [MapEnemyMarker] 7 enemies updated
[15:51:18.229] [MapEnemyMarker] 7 enemies updated
[15:51:19.223] [MapEnemyMarker] 7 enemies updated
[15:51:20.226] [MapEnemyMarker] 7 enemies updated
[15:51:21.228] [MapEnemyMarker] 7 enemies updated
[15:51:22.230] [MapEnemyMarker] 7 enemies updated
[15:51:23.235] [MapEnemyMarker] 7 enemies updated
[15:51:24.245] [MapEnemyMarker] 7 enemies updated
[15:51:25.247] [MapEnemyMarker] 7 enemies updated
[15:51:26.253] [MapEnemyMarker] 7 enemies updated
[15:51:27.245] [MapEnemyMarker] 7 enemies updated
[15:51:28.254] [MapEnemyMarker] 7 enemies updated
[15:51:29.243] [MapEnemyMarker] 7 enemies updated
[15:51:30.257] [MapEnemyMarker] 7 enemies updated
[15:51:31.265] [MapEnemyMarker] 7 enemies updated
[15:51:32.261] [MapEnemyMarker] 7 enemies updated
[15:51:33.267] [MapEnemyMarker] 7 enemies updated
[15:51:34.274] [MapEnemyMarker] 7 enemies updated
[15:51:35.265] [MapEnemyMarker] 7 enemies updated
[15:51:36.273] [MapEnemyMarker] 7 enemies updated
[15:51:37.278] [MapEnemyMarker] 7 enemies updated
[15:51:37.896] [FCS] GunSystem Left: Cylinder bullets: , , , , , 
[15:51:37.896] [FCS] GunSystem Left: Cylinder bullets: , , , , , 
[15:51:38.268] [MapEnemyMarker] 7 enemies updated
[15:51:39.265] [MapEnemyMarker] 7 enemies updated
[15:51:40.280] [MapEnemyMarker] 7 enemies updated
[15:51:40.622] [FCS] GunSystem Left: Cylinder bullets: HE, , , , , 
[15:51:41.268] [MapEnemyMarker] 7 enemies updated
[15:51:42.263] [MapEnemyMarker] 7 enemies updated
[15:51:43.266] [MapEnemyMarker] 7 enemies updated
[15:51:44.274] [MapEnemyMarker] 7 enemies updated
[15:51:45.271] [MapEnemyMarker] 7 enemies updated
[15:51:46.277] [MapEnemyMarker] 7 enemies updated
[15:51:47.284] [MapEnemyMarker] 7 enemies updated
[15:51:48.286] [MapEnemyMarker] 7 enemies updated
[15:51:49.290] [MapEnemyMarker] 7 enemies updated
[15:51:50.290] [MapEnemyMarker] 7 enemies updated
[15:51:51.290] [MapEnemyMarker] 7 enemies updated
[15:51:51.747] [FCS] GunSystem Right: Cylinder bullets: , , , , , 
[15:51:51.747] [FCS] GunSystem Right: Cylinder bullets: , , , , , 
[15:51:52.295] [MapEnemyMarker] 7 enemies updated
[15:51:53.295] [MapEnemyMarker] 7 enemies updated
[15:51:54.296] [MapEnemyMarker] 7 enemies updated
[15:51:54.456] [FCS] GunSystem Right: Cylinder bullets: HE, , , , , 
[15:51:55.284] [MapEnemyMarker] 7 enemies updated
[15:51:56.302] [MapEnemyMarker] 7 enemies updated
[15:51:57.291] [MapEnemyMarker] 7 enemies updated
[15:51:58.291] [MapEnemyMarker] 7 enemies updated
[15:51:59.286] [MapEnemyMarker] 7 enemies updated
[15:52:00.287] [MapEnemyMarker] 7 enemies updated
[15:52:01.294] [MapEnemyMarker] 7 enemies updated
[15:52:02.295] [MapEnemyMarker] 7 enemies updated
[15:52:03.301] [MapEnemyMarker] 7 enemies updated
[15:52:04.303] [MapEnemyMarker] 7 enemies updated
[15:52:05.303] [MapEnemyMarker] 7 enemies updated
[15:52:06.305] [MapEnemyMarker] 7 enemies updated
[15:52:07.318] [MapEnemyMarker] 7 enemies updated
[15:52:08.302] [MapEnemyMarker] 7 enemies updated
[15:52:09.315] [MapEnemyMarker] 7 enemies updated
[15:52:10.316] [MapEnemyMarker] 7 enemies updated
[15:52:11.313] [MapEnemyMarker] 7 enemies updated
[15:52:12.303] [MapEnemyMarker] 7 enemies updated
[15:52:13.317] [MapEnemyMarker] 7 enemies updated
[15:52:14.303] [MapEnemyMarker] 7 enemies updated
[15:52:15.313] [MapEnemyMarker] 7 enemies updated
[15:52:16.314] [MapEnemyMarker] 7 enemies updated
[15:52:17.309] [MapEnemyMarker] 7 enemies updated
[15:52:18.314] [MapEnemyMarker] 7 enemies updated
[15:52:19.323] [MapEnemyMarker] 7 enemies updated
[15:52:20.330] [MapEnemyMarker] 7 enemies updated
[15:52:21.327] [MapEnemyMarker] 7 enemies updated
[15:52:22.324] [MapEnemyMarker] 7 enemies updated
[15:52:23.323] [MapEnemyMarker] 7 enemies updated
[15:52:24.333] [MapEnemyMarker] 7 enemies updated
[15:52:25.334] [MapEnemyMarker] 7 enemies updated
[15:52:26.323] [MapEnemyMarker] 7 enemies updated
[15:52:27.328] [MapEnemyMarker] 7 enemies updated
[15:52:28.332] [MapEnemyMarker] 7 enemies updated
[15:52:29.336] [MapEnemyMarker] 7 enemies updated
[15:52:30.334] [MapEnemyMarker] 7 enemies updated
[15:52:31.327] [MapEnemyMarker] 7 enemies updated
[15:52:32.342] [MapEnemyMarker] 7 enemies updated
[15:52:33.344] [MapEnemyMarker] 7 enemies updated
[15:52:34.344] [MapEnemyMarker] 7 enemies updated
[15:52:35.346] [MapEnemyMarker] 7 enemies updated
[15:52:36.355] [MapEnemyMarker] 7 enemies updated
[15:52:37.354] [MapEnemyMarker] 7 enemies updated
[15:52:38.362] [MapEnemyMarker] 7 enemies updated
[15:52:39.354] [MapEnemyMarker] 7 enemies updated
[15:52:40.353] [MapEnemyMarker] 7 enemies updated
[15:52:41.351] [MapEnemyMarker] 7 enemies updated
[15:52:42.349] [MapEnemyMarker] 7 enemies updated
[15:52:45.733] [MapEnemyMarker] 7 enemies updated
[15:52:46.716] [MapEnemyMarker] 7 enemies updated
[15:52:47.714] [MapEnemyMarker] 7 enemies updated
[15:52:48.714] [MapEnemyMarker] 7 enemies updated
[15:52:49.711] [MapEnemyMarker] 7 enemies updated
[15:52:50.720] [MapEnemyMarker] 7 enemies updated
[15:52:51.714] [MapEnemyMarker] 7 enemies updated
[15:52:52.710] [MapEnemyMarker] 7 enemies updated
[15:52:53.720] [MapEnemyMarker] 7 enemies updated
[15:52:54.711] [MapEnemyMarker] 7 enemies updated
[15:52:55.722] [MapEnemyMarker] 7 enemies updated
[15:52:56.722] [MapEnemyMarker] 7 enemies updated
[15:52:57.715] [MapEnemyMarker] 7 enemies updated
[15:52:58.717] [MapEnemyMarker] 7 enemies updated
[15:52:59.717] [MapEnemyMarker] 7 enemies updated
[15:53:00.714] [MapEnemyMarker] 7 enemies updated
[15:53:01.714] [MapEnemyMarker] 7 enemies updated
[15:53:02.715] [MapEnemyMarker] 7 enemies updated
[15:53:03.719] [MapEnemyMarker] 7 enemies updated
[15:53:04.726] [MapEnemyMarker] 7 enemies updated
[15:53:05.730] [MapEnemyMarker] 7 enemies updated
[15:53:06.737] [MapEnemyMarker] 7 enemies updated
[15:53:07.739] [MapEnemyMarker] 7 enemies updated
[15:53:08.744] [MapEnemyMarker] 7 enemies updated
[15:53:09.738] [MapEnemyMarker] 7 enemies updated
[15:53:10.732] [MapEnemyMarker] 7 enemies updated
[15:53:11.737] [MapEnemyMarker] 7 enemies updated
[15:53:12.736] [MapEnemyMarker] 7 enemies updated
[15:53:13.736] [MapEnemyMarker] 7 enemies updated
[15:53:14.739] [MapEnemyMarker] 7 enemies updated
[15:53:15.742] [MapEnemyMarker] 7 enemies updated
[15:53:16.738] [MapEnemyMarker] 7 enemies updated
[15:53:17.750] [MapEnemyMarker] 7 enemies updated
[15:53:18.754] [MapEnemyMarker] 7 enemies updated
[15:53:19.760] [MapEnemyMarker] 7 enemies updated
[15:53:20.760] [MapEnemyMarker] 7 enemies updated
[15:53:21.273] [FCS] GunSystem Left: Cylinder bullets: , , , , , 
[15:53:21.273] [FCS] GunSystem Left: Cylinder bullets: , , , , , 
[15:53:21.761] [MapEnemyMarker] 7 enemies updated
[15:53:22.759] [MapEnemyMarker] 7 enemies updated
[15:53:23.755] [MapEnemyMarker] 7 enemies updated
[15:53:24.009] [FCS] GunSystem Left: Cylinder bullets: HE, , , , , 
[15:53:24.751] [MapEnemyMarker] 7 enemies updated
[15:53:25.751] [MapEnemyMarker] 7 enemies updated
[15:53:26.756] [MapEnemyMarker] 7 enemies updated
[15:53:27.761] [MapEnemyMarker] 7 enemies updated
[15:53:28.757] [MapEnemyMarker] 7 enemies updated
[15:53:29.756] [MapEnemyMarker] 7 enemies updated
[15:53:30.757] [MapEnemyMarker] 7 enemies updated
[15:53:31.761] [MapEnemyMarker] 7 enemies updated
[15:53:32.767] [MapEnemyMarker] 7 enemies updated
[15:53:33.481] [FCS] GunSystem Right: Cylinder bullets: , , , , , 
[15:53:33.481] [FCS] GunSystem Right: Cylinder bullets: , , , , , 
[15:53:33.768] [MapEnemyMarker] 7 enemies updated
[15:53:34.771] [MapEnemyMarker] 7 enemies updated
[15:53:35.779] [MapEnemyMarker] 7 enemies updated
[15:53:36.211] [FCS] GunSystem Right: Cylinder bullets: HE, , , , , 
[15:53:36.784] [MapEnemyMarker] 7 enemies updated
[15:53:37.791] [MapEnemyMarker] 7 enemies updated
[15:53:38.795] [MapEnemyMarker] 7 enemies updated
[15:53:39.797] [MapEnemyMarker] 7 enemies updated
[15:53:40.802] [MapEnemyMarker] 7 enemies updated
[15:53:41.796] [MapEnemyMarker] 7 enemies updated
[15:53:42.793] [MapEnemyMarker] 7 enemies updated
[15:53:43.804] [MapEnemyMarker] 7 enemies updated
[15:53:44.799] [MapEnemyMarker] 7 enemies updated
[15:53:45.792] [MapEnemyMarker] 7 enemies updated
[15:53:46.804] [MapEnemyMarker] 7 enemies updated
[15:53:47.793] [MapEnemyMarker] 7 enemies updated
[15:53:48.793] [MapEnemyMarker] 7 enemies updated
[15:53:49.793] [MapEnemyMarker] 7 enemies updated
[15:53:50.803] [MapEnemyMarker] 7 enemies updated
[15:53:51.791] [MapEnemyMarker] 7 enemies updated
[15:53:52.807] [MapEnemyMarker] 7 enemies updated
[15:53:53.817] [MapEnemyMarker] 7 enemies updated
[15:53:54.812] [MapEnemyMarker] 7 enemies updated
[15:53:55.810] [MapEnemyMarker] 7 enemies updated
[15:53:56.821] [MapEnemyMarker] 7 enemies updated
[15:53:57.839] [MapEnemyMarker] 7 enemies updated
[15:53:58.819] [MapEnemyMarker] 7 enemies updated
[15:53:59.815] [MapEnemyMarker] 7 enemies updated
[15:54:00.821] [MapEnemyMarker] 7 enemies updated
[15:54:01.815] [MapEnemyMarker] 7 enemies updated
[15:54:02.813] [MapEnemyMarker] 7 enemies updated
[15:54:03.819] [MapEnemyMarker] 7 enemies updated
[15:54:04.814] [MapEnemyMarker] 7 enemies updated
[15:54:05.813] [MapEnemyMarker] 7 enemies updated
[15:54:06.816] [MapEnemyMarker] 7 enemies updated
[15:54:07.817] [MapEnemyMarker] 7 enemies updated
[15:54:08.822] [MapEnemyMarker] 7 enemies updated
[15:54:09.825] [MapEnemyMarker] 7 enemies updated
[15:54:10.830] [MapEnemyMarker] 7 enemies updated
[15:54:11.835] [MapEnemyMarker] 7 enemies updated
[15:54:12.843] [MapEnemyMarker] 7 enemies updated
[15:54:13.831] [MapEnemyMarker] 7 enemies updated
[15:54:14.842] [MapEnemyMarker] 7 enemies updated
[15:54:15.830] [MapEnemyMarker] 7 enemies updated
[15:54:16.841] [MapEnemyMarker] 7 enemies updated
[15:54:17.855] [MapEnemyMarker] 7 enemies updated
[15:54:18.858] [MapEnemyMarker] 7 enemies updated
[15:54:19.844] [MapEnemyMarker] 7 enemies updated
[15:54:20.830] [MapEnemyMarker] 7 enemies updated
[15:54:21.844] [MapEnemyMarker] 7 enemies updated
[15:54:22.847] [MapEnemyMarker] 7 enemies updated
[15:54:23.850] [MapEnemyMarker] 7 enemies updated
[15:54:24.854] [MapEnemyMarker] 7 enemies updated
[15:54:25.863] [MapEnemyMarker] 7 enemies updated
[15:54:26.853] [MapEnemyMarker] 7 enemies updated
[15:54:27.851] [MapEnemyMarker] 7 enemies updated
[15:54:28.855] [MapEnemyMarker] 7 enemies updated
[15:54:29.860] [MapEnemyMarker] 7 enemies updated
[15:54:35.599] [MapEnemyMarker] 7 enemies updated
[15:54:36.605] [MapEnemyMarker] 7 enemies updated
[15:54:37.603] [MapEnemyMarker] 7 enemies updated
[15:54:38.599] [MapEnemyMarker] 7 enemies updated
[15:54:39.604] [MapEnemyMarker] 7 enemies updated
[15:54:40.604] [MapEnemyMarker] 7 enemies updated
[15:54:41.600] [MapEnemyMarker] 7 enemies updated
[15:54:42.603] [MapEnemyMarker] 7 enemies updated
[15:54:43.602] [MapEnemyMarker] 7 enemies updated
[15:54:44.600] [MapEnemyMarker] 7 enemies updated
[15:54:45.599] [MapEnemyMarker] 7 enemies updated
[15:54:46.599] [MapEnemyMarker] 7 enemies updated
[15:54:47.598] [MapEnemyMarker] 7 enemies updated
[15:54:48.599] [MapEnemyMarker] 7 enemies updated
[15:54:49.598] [MapEnemyMarker] 7 enemies updated
[15:54:50.602] [MapEnemyMarker] 7 enemies updated
[15:54:51.610] [MapEnemyMarker] 7 enemies updated
[15:54:52.608] [MapEnemyMarker] 7 enemies updated
[15:54:53.612] [MapEnemyMarker] 7 enemies updated
[15:54:54.602] [MapEnemyMarker] 9 enemies updated
[15:54:55.598] [MapEnemyMarker] 9 enemies updated
[15:54:56.606] [MapEnemyMarker] 9 enemies updated
[15:54:57.600] [MapEnemyMarker] 9 enemies updated
[15:54:58.604] [MapEnemyMarker] 9 enemies updated
[15:54:59.606] [MapEnemyMarker] 9 enemies updated
[15:55:00.604] [MapEnemyMarker] 9 enemies updated
[15:55:01.604] [MapEnemyMarker] 9 enemies updated
[15:55:02.605] [MapEnemyMarker] 9 enemies updated
[15:55:03.599] [MapEnemyMarker] 9 enemies updated
[15:55:04.614] [MapEnemyMarker] 9 enemies updated
[15:55:05.345] [FCS] GunSystem Left: Cylinder bullets: , , , , , 
[15:55:05.345] [FCS] GunSystem Left: Cylinder bullets: , , , , , 
[15:55:05.618] [MapEnemyMarker] 9 enemies updated
[15:55:06.625] [MapEnemyMarker] 9 enemies updated
[15:55:07.626] [MapEnemyMarker] 9 enemies updated
[15:55:08.070] [FCS] GunSystem Left: Cylinder bullets: HE, , , , , 
[15:55:12.395] [MapEnemyMarker] 9 enemies updated
[15:55:13.397] [MapEnemyMarker] 9 enemies updated
[15:55:14.400] [MapEnemyMarker] 9 enemies updated
[15:55:15.405] [MapEnemyMarker] 9 enemies updated
[15:55:16.400] [MapEnemyMarker] 9 enemies updated
[15:55:17.410] [MapEnemyMarker] 9 enemies updated
[15:55:18.402] [MapEnemyMarker] 9 enemies updated
[15:55:19.411] [MapEnemyMarker] 9 enemies updated
[15:55:20.404] [MapEnemyMarker] 9 enemies updated
[15:55:21.404] [MapEnemyMarker] 9 enemies updated
[15:55:22.403] [MapEnemyMarker] 9 enemies updated
[15:55:23.412] [MapEnemyMarker] 9 enemies updated
[15:55:24.410] [MapEnemyMarker] 9 enemies updated
[15:55:25.410] [MapEnemyMarker] 9 enemies updated
[15:55:26.411] [MapEnemyMarker] 9 enemies updated
[15:55:27.404] [MapEnemyMarker] 9 enemies updated
[15:55:28.409] [MapEnemyMarker] 9 enemies updated
[15:55:29.408] [MapEnemyMarker] 9 enemies updated
[15:55:30.406] [MapEnemyMarker] 9 enemies updated
[15:55:31.399] [MapEnemyMarker] 9 enemies updated
[15:55:32.399] [MapEnemyMarker] 9 enemies updated
[15:55:33.414] [MapEnemyMarker] 9 enemies updated
[15:55:34.411] [MapEnemyMarker] 9 enemies updated
[15:55:35.411] [MapEnemyMarker] 9 enemies updated
[15:55:36.400] [MapEnemyMarker] 9 enemies updated
[15:55:37.410] [MapEnemyMarker] 9 enemies updated
[15:55:38.414] [MapEnemyMarker] 9 enemies updated
[15:55:39.432] [MapEnemyMarker] 9 enemies updated
[15:55:40.425] [MapEnemyMarker] 9 enemies updated
[15:55:41.423] [MapEnemyMarker] 9 enemies updated
[15:55:42.421] [MapEnemyMarker] 9 enemies updated
[15:55:43.431] [MapEnemyMarker] 9 enemies updated
[15:55:44.423] [MapEnemyMarker] 9 enemies updated
[15:55:45.422] [MapEnemyMarker] 9 enemies updated
[15:55:46.430] [MapEnemyMarker] 9 enemies updated
[15:55:47.429] [MapEnemyMarker] 9 enemies updated
[15:55:48.426] [MapEnemyMarker] 9 enemies updated
[15:55:49.424] [MapEnemyMarker] 9 enemies updated
[15:55:50.420] [MapEnemyMarker] 9 enemies updated
[15:55:51.428] [MapEnemyMarker] 9 enemies updated
[15:55:52.419] [MapEnemyMarker] 9 enemies updated
[15:55:53.427] [MapEnemyMarker] 9 enemies updated
[15:55:54.424] [MapEnemyMarker] 9 enemies updated
[15:55:55.438] [MapEnemyMarker] 9 enemies updated
[15:55:56.436] [MapEnemyMarker] 9 enemies updated
[15:55:57.442] [MapEnemyMarker] 9 enemies updated
[15:55:58.447] [MapEnemyMarker] 9 enemies updated
[15:55:59.445] [MapEnemyMarker] 9 enemies updated
[15:56:00.452] [MapEnemyMarker] 9 enemies updated
[15:56:01.448] [MapEnemyMarker] 9 enemies updated
[15:56:02.448] [MapEnemyMarker] 9 enemies updated
[15:56:03.453] [MapEnemyMarker] 9 enemies updated
[15:56:04.445] [MapEnemyMarker] 9 enemies updated
[15:56:05.442] [MapEnemyMarker] 9 enemies updated
[15:56:06.445] [MapEnemyMarker] 9 enemies updated
[15:56:07.442] [MapEnemyMarker] 9 enemies updated
[15:56:08.444] [MapEnemyMarker] 9 enemies updated
[15:56:09.445] [MapEnemyMarker] 9 enemies updated
[15:56:10.454] [MapEnemyMarker] 9 enemies updated
[15:56:11.460] [MapEnemyMarker] 9 enemies updated
[15:56:12.460] [MapEnemyMarker] 9 enemies updated
[15:56:13.460] [MapEnemyMarker] 9 enemies updated
[15:56:14.467] [MapEnemyMarker] 9 enemies updated
[15:56:15.459] [MapEnemyMarker] 9 enemies updated
[15:56:16.462] [MapEnemyMarker] 9 enemies updated
[15:56:17.461] [MapEnemyMarker] 9 enemies updated
[15:56:18.470] [MapEnemyMarker] 9 enemies updated
[15:56:19.471] [MapEnemyMarker] 9 enemies updated
[15:56:20.474] [MapEnemyMarker] 9 enemies updated
[15:56:21.467] [MapEnemyMarker] 9 enemies updated
[15:56:22.462] [MapEnemyMarker] 9 enemies updated
[15:56:23.462] [MapEnemyMarker] 9 enemies updated
[15:56:24.472] [MapEnemyMarker] 9 enemies updated
[15:56:25.476] [MapEnemyMarker] 9 enemies updated
[15:56:26.477] [MapEnemyMarker] 9 enemies updated
[15:56:27.487] [MapEnemyMarker] 9 enemies updated
[15:56:28.483] [MapEnemyMarker] 9 enemies updated
[15:56:29.487] [MapEnemyMarker] 9 enemies updated
[15:56:30.490] [MapEnemyMarker] 9 enemies updated
[15:56:31.489] [MapEnemyMarker] 9 enemies updated
[15:56:32.481] [MapEnemyMarker] 9 enemies updated
[15:56:33.481] [MapEnemyMarker] 9 enemies updated
[15:56:34.480] [MapEnemyMarker] 9 enemies updated
[15:56:35.480] [MapEnemyMarker] 9 enemies updated
[15:56:36.487] [MapEnemyMarker] 9 enemies updated
[15:56:37.490] [MapEnemyMarker] 9 enemies updated
[15:56:38.490] [MapEnemyMarker] 9 enemies updated
[15:56:39.486] [MapEnemyMarker] 9 enemies updated
[15:56:40.485] [MapEnemyMarker] 9 enemies updated
[15:56:41.489] [MapEnemyMarker] 9 enemies updated
[15:56:42.500] [MapEnemyMarker] 9 enemies updated
[15:56:43.497] [MapEnemyMarker] 9 enemies updated
[15:56:44.499] [MapEnemyMarker] 9 enemies updated
[15:56:45.501] [MapEnemyMarker] 9 enemies updated
[15:56:46.507] [MapEnemyMarker] 9 enemies updated
[15:56:47.512] [MapEnemyMarker] 9 enemies updated
[15:56:48.505] [MapEnemyMarker] 9 enemies updated
[15:56:49.510] [MapEnemyMarker] 9 enemies updated
[15:56:50.505] [MapEnemyMarker] 9 enemies updated
[15:56:51.511] [MapEnemyMarker] 9 enemies updated
[15:56:52.505] [MapEnemyMarker] 9 enemies updated
[15:56:53.511] [MapEnemyMarker] 9 enemies updated
[15:56:54.500] [MapEnemyMarker] 9 enemies updated
[15:56:58.556] [MapEnemyMarker] [MapEnemyMarker] Applied scene options: AutoFire=True, maxCharge=False
[15:56:58.557] [MapEnemyMarker] [MapEnemyMarker] Strike request accepted: Artillery#4, ammo=HE, autoFire=True, maxCharge=False, angle=97.5, distance=6.51
[15:57:01.190] [MapEnemyMarker] [MapEnemyMarker] Applied scene options: AutoFire=True, maxCharge=False
[15:57:01.190] [MapEnemyMarker] [MapEnemyMarker] Strike request accepted: Artillery#5, ammo=HE, autoFire=True, maxCharge=False, angle=97.4, distance=9.94
[15:57:02.643] [MapEnemyMarker] 9 enemies updated
[15:57:03.636] [MapEnemyMarker] 9 enemies updated
[15:57:04.639] [MapEnemyMarker] 9 enemies updated
[15:57:04.976] [FCS] GunSystem Left: Cylinder bullets: , , , , , 
[15:57:04.976] [FCS] GunSystem Left: Cylinder bullets: , , , , , 
[15:57:05.643] [MapEnemyMarker] 9 enemies updated
[15:57:06.630] [MapEnemyMarker] 9 enemies updated
[15:57:07.630] [MapEnemyMarker] 9 enemies updated
[15:57:07.706] [FCS] GunSystem Left: Cylinder bullets: HE, , , , , 
[15:57:08.637] [MapEnemyMarker] 9 enemies updated
[15:57:09.638] [MapEnemyMarker] 9 enemies updated
[15:57:10.257] [FCS] GunSystem Right: Cylinder bullets: , , , , , 
[15:57:10.257] [FCS] GunSystem Right: Cylinder bullets: , , , , , 
[15:57:10.645] [MapEnemyMarker] 9 enemies updated
[15:57:11.639] [MapEnemyMarker] 9 enemies updated
[15:57:12.641] [MapEnemyMarker] 9 enemies updated
[15:57:12.986] [FCS] GunSystem Right: Cylinder bullets: HE, , , , , 
[15:57:13.630] [MapEnemyMarker] 9 enemies updated
[15:57:14.634] [MapEnemyMarker] 9 enemies updated
[15:57:15.633] [MapEnemyMarker] 9 enemies updated
[15:57:16.629] [MapEnemyMarker] 9 enemies updated
[15:57:17.634] [MapEnemyMarker] 9 enemies updated
[15:57:18.638] [MapEnemyMarker] 9 enemies updated
[15:57:19.636] [MapEnemyMarker] 9 enemies updated
[15:57:20.632] [MapEnemyMarker] 9 enemies updated
[15:57:21.634] [MapEnemyMarker] 9 enemies updated
[15:57:22.641] [MapEnemyMarker] 9 enemies updated
[15:57:23.633] [MapEnemyMarker] 9 enemies updated
[15:57:24.632] [MapEnemyMarker] 9 enemies updated
[15:57:25.631] [MapEnemyMarker] 9 enemies updated
[15:57:26.640] [MapEnemyMarker] 9 enemies updated
[15:57:27.639] [MapEnemyMarker] 9 enemies updated
[15:57:28.638] [MapEnemyMarker] 9 enemies updated
[15:57:29.638] [MapEnemyMarker] 9 enemies updated
[15:57:30.632] [MapEnemyMarker] 9 enemies updated
[15:57:31.629] [MapEnemyMarker] 9 enemies updated
[15:57:32.633] [MapEnemyMarker] 9 enemies updated
[15:57:33.636] [MapEnemyMarker] 9 enemies updated
[15:57:34.640] [MapEnemyMarker] 9 enemies updated
[15:57:35.630] [MapEnemyMarker] 9 enemies updated
[15:57:36.637] [MapEnemyMarker] 9 enemies updated
[15:57:37.644] [MapEnemyMarker] 9 enemies updated
[15:57:38.647] [MapEnemyMarker] 9 enemies updated
[15:57:39.652] [MapEnemyMarker] 9 enemies updated
[15:57:40.654] [MapEnemyMarker] 9 enemies updated
[15:57:41.659] [MapEnemyMarker] 9 enemies updated
[15:57:42.656] [MapEnemyMarker] 9 enemies updated
[15:57:43.653] [MapEnemyMarker] 9 enemies updated
[15:57:44.650] [MapEnemyMarker] 9 enemies updated
[15:57:45.654] [MapEnemyMarker] 9 enemies updated
[15:57:46.654] [MapEnemyMarker] 9 enemies updated
[15:57:47.652] [MapEnemyMarker] 9 enemies updated
[15:57:48.650] [MapEnemyMarker] 9 enemies updated
[15:57:49.658] [MapEnemyMarker] 9 enemies updated
[15:57:50.656] [MapEnemyMarker] 9 enemies updated
[15:57:51.655] [MapEnemyMarker] 9 enemies updated
[15:57:52.654] [MapEnemyMarker] 9 enemies updated
[15:57:53.656] [MapEnemyMarker] 9 enemies updated
[15:57:54.658] [MapEnemyMarker] 9 enemies updated
[15:57:55.669] [MapEnemyMarker] 9 enemies updated
[15:57:56.669] [MapEnemyMarker] 9 enemies updated
[15:57:57.677] [MapEnemyMarker] 9 enemies updated
[15:57:58.670] [MapEnemyMarker] 9 enemies updated
[15:57:59.669] [MapEnemyMarker] 9 enemies updated
[15:58:00.675] [MapEnemyMarker] 9 enemies updated
[15:58:01.679] [MapEnemyMarker] 9 enemies updated
[15:58:02.676] [MapEnemyMarker] 9 enemies updated
[15:58:03.679] [MapEnemyMarker] 9 enemies updated
[15:58:04.680] [MapEnemyMarker] 9 enemies updated
[15:58:05.680] [MapEnemyMarker] 9 enemies updated
[15:58:06.691] [MapEnemyMarker] 9 enemies updated
[15:58:07.693] [MapEnemyMarker] 9 enemies updated
[15:58:08.708] [MapEnemyMarker] 9 enemies updated
[15:58:09.695] [MapEnemyMarker] 9 enemies updated
[15:58:10.691] [MapEnemyMarker] 9 enemies updated
[15:58:11.696] [MapEnemyMarker] 9 enemies updated
[15:58:12.698] [MapEnemyMarker] 9 enemies updated
[15:58:13.693] [MapEnemyMarker] 9 enemies updated
[15:58:14.697] [MapEnemyMarker] 9 enemies updated
[15:58:15.692] [MapEnemyMarker] 9 enemies updated
[15:58:16.696] [MapEnemyMarker] 9 enemies updated
[15:58:17.693] [MapEnemyMarker] 9 enemies updated
[15:58:18.704] [MapEnemyMarker] 9 enemies updated
[15:58:19.690] [MapEnemyMarker] 9 enemies updated
[15:58:20.695] [MapEnemyMarker] 9 enemies updated
[15:58:21.698] [MapEnemyMarker] 9 enemies updated
[15:58:22.699] [MapEnemyMarker] 9 enemies updated
[15:58:23.693] [MapEnemyMarker] 9 enemies updated
[15:58:24.691] [MapEnemyMarker] 9 enemies updated
[15:58:25.698] [MapEnemyMarker] 9 enemies updated
[15:58:26.699] [MapEnemyMarker] 9 enemies updated
[15:58:27.691] [MapEnemyMarker] 9 enemies updated
[15:58:28.702] [MapEnemyMarker] 9 enemies updated
[15:58:29.695] [MapEnemyMarker] 9 enemies updated
[15:58:30.696] [MapEnemyMarker] 9 enemies updated
[15:58:31.700] [MapEnemyMarker] 9 enemies updated
[15:58:32.700] [MapEnemyMarker] 9 enemies updated
[15:58:33.693] [MapEnemyMarker] 9 enemies updated
[15:58:34.700] [MapEnemyMarker] 9 enemies updated
[15:58:35.697] [MapEnemyMarker] 9 enemies updated
[15:58:36.697] [MapEnemyMarker] 9 enemies updated
[15:58:37.698] [MapEnemyMarker] 9 enemies updated
[15:58:38.690] [MapEnemyMarker] 9 enemies updated
[15:58:39.700] [MapEnemyMarker] 9 enemies updated
[15:58:40.690] [MapEnemyMarker] 9 enemies updated
[15:58:41.691] [MapEnemyMarker] 9 enemies updated
[15:58:42.694] [MapEnemyMarker] 9 enemies updated
[15:58:43.689] [MapEnemyMarker] 9 enemies updated
[15:58:44.693] [MapEnemyMarker] 9 enemies updated
[15:58:45.697] [MapEnemyMarker] 9 enemies updated
[15:58:46.706] [MapEnemyMarker] 9 enemies updated
[15:58:47.710] [MapEnemyMarker] 9 enemies updated
[15:58:48.723] [MapEnemyMarker] 9 enemies updated
[15:58:49.714] [MapEnemyMarker] 9 enemies updated
[15:58:50.719] [MapEnemyMarker] 9 enemies updated
[15:58:51.720] [MapEnemyMarker] 9 enemies updated
[15:58:52.723] [MapEnemyMarker] 9 enemies updated
[15:58:53.717] [MapEnemyMarker] 9 enemies updated
[15:58:54.713] [MapEnemyMarker] 9 enemies updated
[15:58:55.709] [MapEnemyMarker] 9 enemies updated
[15:58:56.717] [MapEnemyMarker] 9 enemies updated
[15:58:57.711] [MapEnemyMarker] 9 enemies updated
[15:58:58.721] [MapEnemyMarker] 9 enemies updated
[15:58:59.721] [MapEnemyMarker] 9 enemies updated
[15:59:00.712] [MapEnemyMarker] 9 enemies updated
[15:59:01.714] [MapEnemyMarker] 9 enemies updated
[15:59:02.719] [MapEnemyMarker] 9 enemies updated
[15:59:03.714] [MapEnemyMarker] 9 enemies updated
[15:59:04.713] [MapEnemyMarker] 9 enemies updated
[15:59:05.713] [MapEnemyMarker] 9 enemies updated
[15:59:06.722] [MapEnemyMarker] 9 enemies updated
[15:59:07.733] [MapEnemyMarker] 9 enemies updated
[15:59:08.715] [MapEnemyMarker] 9 enemies updated
[15:59:09.722] [MapEnemyMarker] 9 enemies updated
[15:59:10.713] [MapEnemyMarker] 9 enemies updated
[15:59:11.722] [MapEnemyMarker] 9 enemies updated
[15:59:12.720] [MapEnemyMarker] 9 enemies updated
[15:59:13.719] [MapEnemyMarker] 9 enemies updated
[15:59:49.833] Preferences Saved!
